2020-10-07 00:06:36.382 DEBUG [cuba_core_scheduler-4] com.haulmont.cuba.core.app.queryresults.QueryResultsManager - Delete query results for inactive user sessions
2020-10-07 00:16:36.383 DEBUG [cuba_core_scheduler-4] com.haulmont.cuba.core.app.queryresults.QueryResultsManager - Delete query results for inactive user sessions
2020-10-07 00:26:36.378 DEBUG [cuba_core_scheduler-1] com.haulmont.cuba.core.app.queryresults.QueryResultsManager - Delete query results for inactive user sessions
2020-10-07 00:36:36.380 DEBUG [cuba_core_scheduler-2] com.haulmont.cuba.core.app.queryresults.QueryResultsManager - Delete query results for inactive user sessions
2020-10-07 00:46:36.378 DEBUG [cuba_core_scheduler-5] com.haulmont.cuba.core.app.queryresults.QueryResultsManager - Delete query results for inactive user sessions
2020-10-07 00:56:36.385 DEBUG [cuba_core_scheduler-10] com.haulmont.cuba.core.app.queryresults.QueryResultsManager - Delete query results for inactive user sessions
2020-10-07 01:06:36.379 DEBUG [cuba_core_scheduler-5] com.haulmont.cuba.core.app.queryresults.QueryResultsManager - Delete query results for inactive user sessions
2020-10-07 01:16:36.381 DEBUG [cuba_core_scheduler-2] com.haulmont.cuba.core.app.queryresults.QueryResultsManager - Delete query results for inactive user sessions
2020-10-07 01:26:36.381 DEBUG [cuba_core_scheduler-10] com.haulmont.cuba.core.app.queryresults.QueryResultsManager - Delete query results for inactive user sessions
2020-10-07 01:36:36.378 DEBUG [cuba_core_scheduler-2] com.haulmont.cuba.core.app.queryresults.QueryResultsManager - Delete query results for inactive user sessions
2020-10-07 01:46:36.381 DEBUG [cuba_core_scheduler-8] com.haulmont.cuba.core.app.queryresults.QueryResultsManager - Delete query results for inactive user sessions
2020-10-07 01:56:36.383 DEBUG [cuba_core_scheduler-6] com.haulmont.cuba.core.app.queryresults.QueryResultsManager - Delete query results for inactive user sessions
2020-10-07 02:06:36.382 DEBUG [cuba_core_scheduler-4] com.haulmont.cuba.core.app.queryresults.QueryResultsManager - Delete query results for inactive user sessions
2020-10-07 02:16:36.378 DEBUG [cuba_core_scheduler-2] com.haulmont.cuba.core.app.queryresults.QueryResultsManager - Delete query results for inactive user sessions
2020-10-07 02:26:36.383 DEBUG [cuba_core_scheduler-5] com.haulmont.cuba.core.app.queryresults.QueryResultsManager - Delete query results for inactive user sessions
2020-10-07 02:36:36.378 DEBUG [cuba_core_scheduler-6] com.haulmont.cuba.core.app.queryresults.QueryResultsManager - Delete query results for inactive user sessions
2020-10-07 02:46:36.383 DEBUG [cuba_core_scheduler-2] com.haulmont.cuba.core.app.queryresults.QueryResultsManager - Delete query results for inactive user sessions
2020-10-07 02:56:36.384 DEBUG [cuba_core_scheduler-4] com.haulmont.cuba.core.app.queryresults.QueryResultsManager - Delete query results for inactive user sessions
2020-10-07 03:06:36.379 DEBUG [cuba_core_scheduler-10] com.haulmont.cuba.core.app.queryresults.QueryResultsManager - Delete query results for inactive user sessions
2020-10-07 03:16:36.378 DEBUG [cuba_core_scheduler-10] com.haulmont.cuba.core.app.queryresults.QueryResultsManager - Delete query results for inactive user sessions
2020-10-07 03:26:36.378 DEBUG [cuba_core_scheduler-4] com.haulmont.cuba.core.app.queryresults.QueryResultsManager - Delete query results for inactive user sessions
2020-10-07 03:36:36.380 DEBUG [cuba_core_scheduler-2] com.haulmont.cuba.core.app.queryresults.QueryResultsManager - Delete query results for inactive user sessions
2020-10-07 03:46:36.378 DEBUG [cuba_core_scheduler-5] com.haulmont.cuba.core.app.queryresults.QueryResultsManager - Delete query results for inactive user sessions
2020-10-07 03:56:36.377 DEBUG [cuba_core_scheduler-4] com.haulmont.cuba.core.app.queryresults.QueryResultsManager - Delete query results for inactive user sessions
2020-10-07 04:06:36.378 DEBUG [cuba_core_scheduler-1] com.haulmont.cuba.core.app.queryresults.QueryResultsManager - Delete query results for inactive user sessions
2020-10-07 04:16:36.382 DEBUG [cuba_core_scheduler-7] com.haulmont.cuba.core.app.queryresults.QueryResultsManager - Delete query results for inactive user sessions
2020-10-07 04:26:36.378 DEBUG [cuba_core_scheduler-10] com.haulmont.cuba.core.app.queryresults.QueryResultsManager - Delete query results for inactive user sessions
2020-10-07 04:36:36.384 DEBUG [cuba_core_scheduler-7] com.haulmont.cuba.core.app.queryresults.QueryResultsManager - Delete query results for inactive user sessions
2020-10-07 04:46:36.378 DEBUG [cuba_core_scheduler-3] com.haulmont.cuba.core.app.queryresults.QueryResultsManager - Delete query results for inactive user sessions
2020-10-07 04:56:36.379 DEBUG [cuba_core_scheduler-6] com.haulmont.cuba.core.app.queryresults.QueryResultsManager - Delete query results for inactive user sessions
2020-10-07 05:06:36.379 DEBUG [cuba_core_scheduler-8] com.haulmont.cuba.core.app.queryresults.QueryResultsManager - Delete query results for inactive user sessions
2020-10-07 05:16:36.381 DEBUG [cuba_core_scheduler-8] com.haulmont.cuba.core.app.queryresults.QueryResultsManager - Delete query results for inactive user sessions
2020-10-07 05:26:36.377 DEBUG [cuba_core_scheduler-1] com.haulmont.cuba.core.app.queryresults.QueryResultsManager - Delete query results for inactive user sessions
2020-10-07 05:36:36.380 DEBUG [cuba_core_scheduler-4] com.haulmont.cuba.core.app.queryresults.QueryResultsManager - Delete query results for inactive user sessions
2020-10-07 05:46:36.381 DEBUG [cuba_core_scheduler-3] com.haulmont.cuba.core.app.queryresults.QueryResultsManager - Delete query results for inactive user sessions
2020-10-07 05:56:36.378 DEBUG [cuba_core_scheduler-3] com.haulmont.cuba.core.app.queryresults.QueryResultsManager - Delete query results for inactive user sessions
2020-10-07 06:06:36.385 DEBUG [cuba_core_scheduler-9] com.haulmont.cuba.core.app.queryresults.QueryResultsManager - Delete query results for inactive user sessions
2020-10-07 06:16:36.377 DEBUG [cuba_core_scheduler-7] com.haulmont.cuba.core.app.queryresults.QueryResultsManager - Delete query results for inactive user sessions
2020-10-07 06:26:36.382 DEBUG [cuba_core_scheduler-3] com.haulmont.cuba.core.app.queryresults.QueryResultsManager - Delete query results for inactive user sessions
2020-10-07 06:36:36.386 DEBUG [cuba_core_scheduler-4] com.haulmont.cuba.core.app.queryresults.QueryResultsManager - Delete query results for inactive user sessions
2020-10-07 06:46:36.381 DEBUG [cuba_core_scheduler-3] com.haulmont.cuba.core.app.queryresults.QueryResultsManager - Delete query results for inactive user sessions
2020-10-07 06:56:36.384 DEBUG [cuba_core_scheduler-1] com.haulmont.cuba.core.app.queryresults.QueryResultsManager - Delete query results for inactive user sessions
2020-10-07 07:06:36.383 DEBUG [cuba_core_scheduler-2] com.haulmont.cuba.core.app.queryresults.QueryResultsManager - Delete query results for inactive user sessions
2020-10-07 07:16:36.380 DEBUG [cuba_core_scheduler-4] com.haulmont.cuba.core.app.queryresults.QueryResultsManager - Delete query results for inactive user sessions
2020-10-07 07:26:36.377 DEBUG [cuba_core_scheduler-5] com.haulmont.cuba.core.app.queryresults.QueryResultsManager - Delete query results for inactive user sessions
2020-10-07 07:36:36.378 DEBUG [cuba_core_scheduler-3] com.haulmont.cuba.core.app.queryresults.QueryResultsManager - Delete query results for inactive user sessions
2020-10-07 07:46:36.378 DEBUG [cuba_core_scheduler-6] com.haulmont.cuba.core.app.queryresults.QueryResultsManager - Delete query results for inactive user sessions
2020-10-07 07:56:36.380 DEBUG [cuba_core_scheduler-7] com.haulmont.cuba.core.app.queryresults.QueryResultsManager - Delete query results for inactive user sessions
2020-10-07 08:06:36.381 DEBUG [cuba_core_scheduler-7] com.haulmont.cuba.core.app.queryresults.QueryResultsManager - Delete query results for inactive user sessions
2020-10-07 08:16:36.379 DEBUG [cuba_core_scheduler-7] com.haulmont.cuba.core.app.queryresults.QueryResultsManager - Delete query results for inactive user sessions
2020-10-07 08:26:36.380 DEBUG [cuba_core_scheduler-2] com.haulmont.cuba.core.app.queryresults.QueryResultsManager - Delete query results for inactive user sessions
2020-10-07 08:36:36.381 DEBUG [cuba_core_scheduler-5] com.haulmont.cuba.core.app.queryresults.QueryResultsManager - Delete query results for inactive user sessions
2020-10-07 08:46:36.383 DEBUG [cuba_core_scheduler-3] com.haulmont.cuba.core.app.queryresults.QueryResultsManager - Delete query results for inactive user sessions
2020-10-07 08:56:36.389 DEBUG [cuba_core_scheduler-3] com.haulmont.cuba.core.app.queryresults.QueryResultsManager - Delete query results for inactive user sessions
2020-10-07 09:06:36.377 DEBUG [cuba_core_scheduler-4] com.haulmont.cuba.core.app.queryresults.QueryResultsManager - Delete query results for inactive user sessions
2020-10-07 09:16:36.377 DEBUG [cuba_core_scheduler-10] com.haulmont.cuba.core.app.queryresults.QueryResultsManager - Delete query results for inactive user sessions
2020-10-07 09:26:36.380 DEBUG [cuba_core_scheduler-4] com.haulmont.cuba.core.app.queryresults.QueryResultsManager - Delete query results for inactive user sessions
2020-10-07 09:36:36.382 DEBUG [cuba_core_scheduler-7] com.haulmont.cuba.core.app.queryresults.QueryResultsManager - Delete query results for inactive user sessions
2020-10-07 09:46:36.378 DEBUG [cuba_core_scheduler-2] com.haulmont.cuba.core.app.queryresults.QueryResultsManager - Delete query results for inactive user sessions
2020-10-07 09:56:36.381 DEBUG [cuba_core_scheduler-3] com.haulmont.cuba.core.app.queryresults.QueryResultsManager - Delete query results for inactive user sessions
2020-10-07 10:06:36.383 DEBUG [cuba_core_scheduler-8] com.haulmont.cuba.core.app.queryresults.QueryResultsManager - Delete query results for inactive user sessions
2020-10-07 10:16:36.384 DEBUG [cuba_core_scheduler-4] com.haulmont.cuba.core.app.queryresults.QueryResultsManager - Delete query results for inactive user sessions
2020-10-07 10:26:36.381 DEBUG [cuba_core_scheduler-9] com.haulmont.cuba.core.app.queryresults.QueryResultsManager - Delete query results for inactive user sessions
2020-10-07 10:36:36.381 DEBUG [cuba_core_scheduler-3] com.haulmont.cuba.core.app.queryresults.QueryResultsManager - Delete query results for inactive user sessions
2020-10-07 10:46:36.377 DEBUG [cuba_core_scheduler-4] com.haulmont.cuba.core.app.queryresults.QueryResultsManager - Delete query results for inactive user sessions
2020-10-07 10:56:36.381 DEBUG [cuba_core_scheduler-7] com.haulmont.cuba.core.app.queryresults.QueryResultsManager - Delete query results for inactive user sessions
2020-10-07 11:06:36.381 DEBUG [cuba_core_scheduler-2] com.haulmont.cuba.core.app.queryresults.QueryResultsManager - Delete query results for inactive user sessions
2020-10-07 11:16:36.388 DEBUG [cuba_core_scheduler-10] com.haulmont.cuba.core.app.queryresults.QueryResultsManager - Delete query results for inactive user sessions
2020-10-07 11:26:36.378 DEBUG [cuba_core_scheduler-3] com.haulmont.cuba.core.app.queryresults.QueryResultsManager - Delete query results for inactive user sessions
2020-10-07 11:36:36.379 DEBUG [cuba_core_scheduler-2] com.haulmont.cuba.core.app.queryresults.QueryResultsManager - Delete query results for inactive user sessions
2020-10-07 11:46:36.382 DEBUG [cuba_core_scheduler-5] com.haulmont.cuba.core.app.queryresults.QueryResultsManager - Delete query results for inactive user sessions
2020-10-07 11:56:36.385 DEBUG [cuba_core_scheduler-6] com.haulmont.cuba.core.app.queryresults.QueryResultsManager - Delete query results for inactive user sessions
2020-10-07 12:06:36.379 DEBUG [cuba_core_scheduler-9] com.haulmont.cuba.core.app.queryresults.QueryResultsManager - Delete query results for inactive user sessions
2020-10-07 12:16:36.381 DEBUG [cuba_core_scheduler-1] com.haulmont.cuba.core.app.queryresults.QueryResultsManager - Delete query results for inactive user sessions
2020-10-07 12:26:36.381 DEBUG [cuba_core_scheduler-9] com.haulmont.cuba.core.app.queryresults.QueryResultsManager - Delete query results for inactive user sessions
2020-10-07 12:36:36.385 DEBUG [cuba_core_scheduler-2] com.haulmont.cuba.core.app.queryresults.QueryResultsManager - Delete query results for inactive user sessions
2020-10-07 12:46:36.377 DEBUG [cuba_core_scheduler-7] com.haulmont.cuba.core.app.queryresults.QueryResultsManager - Delete query results for inactive user sessions
2020-10-07 12:56:36.378 DEBUG [cuba_core_scheduler-8] com.haulmont.cuba.core.app.queryresults.QueryResultsManager - Delete query results for inactive user sessions
2020-10-07 13:06:36.380 DEBUG [cuba_core_scheduler-8] com.haulmont.cuba.core.app.queryresults.QueryResultsManager - Delete query results for inactive user sessions
2020-10-07 13:16:36.383 DEBUG [cuba_core_scheduler-7] com.haulmont.cuba.core.app.queryresults.QueryResultsManager - Delete query results for inactive user sessions
2020-10-07 13:26:36.383 DEBUG [cuba_core_scheduler-3] com.haulmont.cuba.core.app.queryresults.QueryResultsManager - Delete query results for inactive user sessions
2020-10-07 13:36:36.383 DEBUG [cuba_core_scheduler-5] com.haulmont.cuba.core.app.queryresults.QueryResultsManager - Delete query results for inactive user sessions
2020-10-07 13:37:09.041 DEBUG [qtp1309176095-25] com.haulmont.cuba.web.App - Initializing application
2020-10-07 13:37:09.050 DEBUG [qtp1309176095-25] com.haulmont.cuba.gui.theme.ThemeConstantsRepository - Loading theme constants
2020-10-07 13:37:09.122 DEBUG [qtp1309176095-25] com.haulmont.cuba.web.security.WebAnonymousSessionHolder - Loading anonymous session
2020-10-07 13:37:09.188 DEBUG [qtp1309176095-25] com.haulmont.cuba.web.security.WebAnonymousSessionHolder - Anonymous session loaded with id 8c15e999-9358-dbf8-30db-30d05c4cefaf
2020-10-07 13:37:09.196 DEBUG [qtp1309176095-25/vac/anonymous] com.haulmont.cuba.web.DefaultApp - connectionStateChanged connected: true, authenticated: false
2020-10-07 13:37:09.196 DEBUG [qtp1309176095-25/vac/anonymous] com.haulmont.cuba.web.App - Closing all windows in all UIs
2020-10-07 13:46:36.378 DEBUG [cuba_core_scheduler-2] com.haulmont.cuba.core.app.queryresults.QueryResultsManager - Delete query results for inactive user sessions
2020-10-07 13:56:36.384 DEBUG [cuba_core_scheduler-8] com.haulmont.cuba.core.app.queryresults.QueryResultsManager - Delete query results for inactive user sessions
2020-10-07 14:06:36.382 DEBUG [cuba_core_scheduler-9] com.haulmont.cuba.core.app.queryresults.QueryResultsManager - Delete query results for inactive user sessions
2020-10-07 14:16:36.382 DEBUG [cuba_core_scheduler-10] com.haulmont.cuba.core.app.queryresults.QueryResultsManager - Delete query results for inactive user sessions
2020-10-07 14:26:36.378 DEBUG [cuba_core_scheduler-8] com.haulmont.cuba.core.app.queryresults.QueryResultsManager - Delete query results for inactive user sessions
2020-10-07 14:36:36.388 DEBUG [cuba_core_scheduler-4] com.haulmont.cuba.core.app.queryresults.QueryResultsManager - Delete query results for inactive user sessions
2020-10-07 14:46:42.849 DEBUG [cuba_core_scheduler-10] com.haulmont.cuba.core.app.queryresults.QueryResultsManager - Delete query results for inactive user sessions
2020-10-07 14:56:42.853 DEBUG [cuba_core_scheduler-10] com.haulmont.cuba.core.app.queryresults.QueryResultsManager - Delete query results for inactive user sessions
2020-10-07 15:06:42.853 DEBUG [cuba_core_scheduler-2] com.haulmont.cuba.core.app.queryresults.QueryResultsManager - Delete query results for inactive user sessions
2020-10-07 15:16:42.847 DEBUG [cuba_core_scheduler-4] com.haulmont.cuba.core.app.queryresults.QueryResultsManager - Delete query results for inactive user sessions
2020-10-07 15:26:42.847 DEBUG [cuba_core_scheduler-3] com.haulmont.cuba.core.app.queryresults.QueryResultsManager - Delete query results for inactive user sessions
2020-10-07 15:36:42.856 DEBUG [cuba_core_scheduler-8] com.haulmont.cuba.core.app.queryresults.QueryResultsManager - Delete query results for inactive user sessions
2020-10-07 15:46:42.847 DEBUG [cuba_core_scheduler-5] com.haulmont.cuba.core.app.queryresults.QueryResultsManager - Delete query results for inactive user sessions
2020-10-07 15:56:42.847 DEBUG [cuba_core_scheduler-5] com.haulmont.cuba.core.app.queryresults.QueryResultsManager - Delete query results for inactive user sessions
2020-10-07 16:06:42.848 DEBUG [cuba_core_scheduler-8] com.haulmont.cuba.core.app.queryresults.QueryResultsManager - Delete query results for inactive user sessions
2020-10-07 16:16:42.850 DEBUG [cuba_core_scheduler-3] com.haulmont.cuba.core.app.queryresults.QueryResultsManager - Delete query results for inactive user sessions
2020-10-07 16:26:42.847 DEBUG [cuba_core_scheduler-7] com.haulmont.cuba.core.app.queryresults.QueryResultsManager - Delete query results for inactive user sessions
2020-10-07 16:36:42.849 DEBUG [cuba_core_scheduler-5] com.haulmont.cuba.core.app.queryresults.QueryResultsManager - Delete query results for inactive user sessions
2020-10-07 16:46:42.851 DEBUG [cuba_core_scheduler-10] com.haulmont.cuba.core.app.queryresults.QueryResultsManager - Delete query results for inactive user sessions
2020-10-07 16:56:42.845 DEBUG [cuba_core_scheduler-6] com.haulmont.cuba.core.app.queryresults.QueryResultsManager - Delete query results for inactive user sessions
2020-10-07 17:06:42.848 DEBUG [cuba_core_scheduler-9] com.haulmont.cuba.core.app.queryresults.QueryResultsManager - Delete query results for inactive user sessions
2020-10-07 17:16:42.845 DEBUG [cuba_core_scheduler-8] com.haulmont.cuba.core.app.queryresults.QueryResultsManager - Delete query results for inactive user sessions
2020-10-07 17:26:42.852 DEBUG [cuba_core_scheduler-7] com.haulmont.cuba.core.app.queryresults.QueryResultsManager - Delete query results for inactive user sessions
2020-10-07 17:36:42.852 DEBUG [cuba_core_scheduler-5] com.haulmont.cuba.core.app.queryresults.QueryResultsManager - Delete query results for inactive user sessions
2020-10-07 17:46:42.858 DEBUG [cuba_core_scheduler-4] com.haulmont.cuba.core.app.queryresults.QueryResultsManager - Delete query results for inactive user sessions
2020-10-07 17:56:42.848 DEBUG [cuba_core_scheduler-9] com.haulmont.cuba.core.app.queryresults.QueryResultsManager - Delete query results for inactive user sessions
2020-10-07 18:06:42.851 DEBUG [cuba_core_scheduler-8] com.haulmont.cuba.core.app.queryresults.QueryResultsManager - Delete query results for inactive user sessions
2020-10-07 18:16:42.849 DEBUG [cuba_core_scheduler-9] com.haulmont.cuba.core.app.queryresults.QueryResultsManager - Delete query results for inactive user sessions
2020-10-07 18:26:42.851 DEBUG [cuba_core_scheduler-9] com.haulmont.cuba.core.app.queryresults.QueryResultsManager - Delete query results for inactive user sessions
2020-10-07 18:36:42.847 DEBUG [cuba_core_scheduler-5] com.haulmont.cuba.core.app.queryresults.QueryResultsManager - Delete query results for inactive user sessions
2020-10-07 18:46:42.845 DEBUG [cuba_core_scheduler-6] com.haulmont.cuba.core.app.queryresults.QueryResultsManager - Delete query results for inactive user sessions
2020-10-07 18:56:42.845 DEBUG [cuba_core_scheduler-7] com.haulmont.cuba.core.app.queryresults.QueryResultsManager - Delete query results for inactive user sessions
2020-10-07 19:06:42.850 DEBUG [cuba_core_scheduler-9] com.haulmont.cuba.core.app.queryresults.QueryResultsManager - Delete query results for inactive user sessions
2020-10-07 19:16:42.844 DEBUG [cuba_core_scheduler-2] com.haulmont.cuba.core.app.queryresults.QueryResultsManager - Delete query results for inactive user sessions
2020-10-07 19:26:42.850 DEBUG [cuba_core_scheduler-6] com.haulmont.cuba.core.app.queryresults.QueryResultsManager - Delete query results for inactive user sessions
2020-10-07 19:36:42.851 DEBUG [cuba_core_scheduler-5] com.haulmont.cuba.core.app.queryresults.QueryResultsManager - Delete query results for inactive user sessions
2020-10-07 19:46:42.846 DEBUG [cuba_core_scheduler-1] com.haulmont.cuba.core.app.queryresults.QueryResultsManager - Delete query results for inactive user sessions
2020-10-07 19:56:42.856 DEBUG [cuba_core_scheduler-1] com.haulmont.cuba.core.app.queryresults.QueryResultsManager - Delete query results for inactive user sessions
2020-10-07 20:06:42.851 DEBUG [cuba_core_scheduler-8] com.haulmont.cuba.core.app.queryresults.QueryResultsManager - Delete query results for inactive user sessions
2020-10-07 20:16:42.848 DEBUG [cuba_core_scheduler-2] com.haulmont.cuba.core.app.queryresults.QueryResultsManager - Delete query results for inactive user sessions
2020-10-07 20:26:42.845 DEBUG [cuba_core_scheduler-10] com.haulmont.cuba.core.app.queryresults.QueryResultsManager - Delete query results for inactive user sessions
2020-10-07 20:36:42.844 DEBUG [cuba_core_scheduler-2] com.haulmont.cuba.core.app.queryresults.QueryResultsManager - Delete query results for inactive user sessions
2020-10-07 20:46:42.845 DEBUG [cuba_core_scheduler-3] com.haulmont.cuba.core.app.queryresults.QueryResultsManager - Delete query results for inactive user sessions
2020-10-07 20:56:42.844 DEBUG [cuba_core_scheduler-2] com.haulmont.cuba.core.app.queryresults.QueryResultsManager - Delete query results for inactive user sessions
2020-10-07 21:06:42.844 DEBUG [cuba_core_scheduler-9] com.haulmont.cuba.core.app.queryresults.QueryResultsManager - Delete query results for inactive user sessions
2020-10-07 21:16:42.844 DEBUG [cuba_core_scheduler-6] com.haulmont.cuba.core.app.queryresults.QueryResultsManager - Delete query results for inactive user sessions
2020-10-07 21:26:42.849 DEBUG [cuba_core_scheduler-6] com.haulmont.cuba.core.app.queryresults.QueryResultsManager - Delete query results for inactive user sessions
2020-10-07 21:36:42.848 DEBUG [cuba_core_scheduler-6] com.haulmont.cuba.core.app.queryresults.QueryResultsManager - Delete query results for inactive user sessions
2020-10-07 21:46:42.849 DEBUG [cuba_core_scheduler-1] com.haulmont.cuba.core.app.queryresults.QueryResultsManager - Delete query results for inactive user sessions
2020-10-07 21:56:42.845 DEBUG [cuba_core_scheduler-5] com.haulmont.cuba.core.app.queryresults.QueryResultsManager - Delete query results for inactive user sessions
2020-10-07 22:06:42.845 DEBUG [cuba_core_scheduler-9] com.haulmont.cuba.core.app.queryresults.QueryResultsManager - Delete query results for inactive user sessions
2020-10-07 22:16:42.845 DEBUG [cuba_core_scheduler-3] com.haulmont.cuba.core.app.queryresults.QueryResultsManager - Delete query results for inactive user sessions
2020-10-07 22:26:42.849 DEBUG [cuba_core_scheduler-5] com.haulmont.cuba.core.app.queryresults.QueryResultsManager - Delete query results for inactive user sessions
2020-10-07 22:36:42.846 DEBUG [cuba_core_scheduler-6] com.haulmont.cuba.core.app.queryresults.QueryResultsManager - Delete query results for inactive user sessions
2020-10-07 22:46:42.844 DEBUG [cuba_core_scheduler-2] com.haulmont.cuba.core.app.queryresults.QueryResultsManager - Delete query results for inactive user sessions
2020-10-07 22:56:42.845 DEBUG [cuba_core_scheduler-1] com.haulmont.cuba.core.app.queryresults.QueryResultsManager - Delete query results for inactive user sessions
2020-10-07 23:06:42.845 DEBUG [cuba_core_scheduler-2] com.haulmont.cuba.core.app.queryresults.QueryResultsManager - Delete query results for inactive user sessions
2020-10-07 23:16:42.848 DEBUG [cuba_core_scheduler-8] com.haulmont.cuba.core.app.queryresults.QueryResultsManager - Delete query results for inactive user sessions
2020-10-07 23:26:42.845 DEBUG [cuba_core_scheduler-7] com.haulmont.cuba.core.app.queryresults.QueryResultsManager - Delete query results for inactive user sessions
2020-10-07 23:36:42.852 DEBUG [cuba_core_scheduler-6] com.haulmont.cuba.core.app.queryresults.QueryResultsManager - Delete query results for inactive user sessions
2020-10-07 23:46:42.849 DEBUG [cuba_core_scheduler-8] com.haulmont.cuba.core.app.queryresults.QueryResultsManager - Delete query results for inactive user sessions
2020-10-07 23:56:42.847 DEBUG [cuba_core_scheduler-8] com.haulmont.cuba.core.app.queryresults.QueryResultsManager - Delete query results for inactive user sessions
