Performance Statistics   2020-09-29 15:17:00 - 2020-09-29 15:18:00
Tag                                                  Avg(ms)         Min         Max     Std Dev       Count
LoadClass                                                0,4           0           1         0,5          14
Messages.searchClasspath                                 0,1           0           7         0,7         312
Messages.searchFiles                                     0,1           0          12         0,7         312
Metadata.replaceExtendedMetaClasses                      0,5           0           1         0,5           2
WebJARs                                                125,0         125         125         0,0           1

Performance Statistics   2020-09-29 15:18:00 - 2020-09-29 15:19:00
Tag                                                  Avg(ms)         Min         Max     Std Dev       Count
LoadClass                                                2,0           1           4         1,4           3
Messages.searchClasspath                                 0,0           0           9         0,3         808
Messages.searchFiles                                     0,0           0           5         0,2         808
ViewRepository.init.ViewRepositoryClientImpl            16,0          16          16         0,0           1
ViewRepository.init.ViewRepositoryImpl                  16,0          16          16         0,0           1

Performance Statistics   2020-09-29 15:19:00 - 2020-09-29 15:20:00
Tag                                                  Avg(ms)         Min         Max     Std Dev       Count

Performance Statistics   2020-09-29 15:20:00 - 2020-09-29 15:21:00
Tag                                                  Avg(ms)         Min         Max     Std Dev       Count

Performance Statistics   2020-09-29 15:21:00 - 2020-09-29 15:22:00
Tag                                                  Avg(ms)         Min         Max     Std Dev       Count

Performance Statistics   2020-09-29 15:22:00 - 2020-09-29 15:23:00
Tag                                                  Avg(ms)         Min         Max     Std Dev       Count

Performance Statistics   2020-09-29 15:23:00 - 2020-09-29 15:24:00
Tag                                                  Avg(ms)         Min         Max     Std Dev       Count

Performance Statistics   2020-09-29 15:24:00 - 2020-09-29 15:25:00
Tag                                                  Avg(ms)         Min         Max     Std Dev       Count

Performance Statistics   2020-09-29 15:25:00 - 2020-09-29 15:26:00
Tag                                                  Avg(ms)         Min         Max     Std Dev       Count
LoadClass                                                1,6           0           8         2,9           8
Messages.searchClasspath                                 0,0           0           1         0,1         304
Messages.searchFiles                                     0,0           0           1         0,1         304

Performance Statistics   2020-09-29 15:26:00 - 2020-09-29 15:27:00
Tag                                                  Avg(ms)         Min         Max     Std Dev       Count

Performance Statistics   2020-09-29 15:27:00 - 2020-09-29 15:28:00
Tag                                                  Avg(ms)         Min         Max     Std Dev       Count

Performance Statistics   2020-09-29 15:28:00 - 2020-09-29 15:29:00
Tag                                                  Avg(ms)         Min         Max     Std Dev       Count

Performance Statistics   2020-09-29 15:29:00 - 2020-09-29 15:30:00
Tag                                                  Avg(ms)         Min         Max     Std Dev       Count
LoadClass                                                3,2           0          11         4,2           5
Messages.searchClasspath                                 0,0           0           1         0,1         166
Messages.searchFiles                                     0,0           0           0         0,0         166

Performance Statistics   2020-09-29 15:30:00 - 2020-09-29 15:31:00
Tag                                                  Avg(ms)         Min         Max     Std Dev       Count

Performance Statistics   2020-09-29 15:31:00 - 2020-09-29 15:32:00
Tag                                                  Avg(ms)         Min         Max     Std Dev       Count

Performance Statistics   2020-09-29 15:32:00 - 2020-09-29 15:33:00
Tag                                                  Avg(ms)         Min         Max     Std Dev       Count

Performance Statistics   2020-09-29 15:33:00 - 2020-09-29 15:34:00
Tag                                                  Avg(ms)         Min         Max     Std Dev       Count

Performance Statistics   2020-09-29 15:34:00 - 2020-09-29 15:35:00
Tag                                                  Avg(ms)         Min         Max     Std Dev       Count

Performance Statistics   2020-09-29 15:35:00 - 2020-09-29 15:36:00
Tag                                                  Avg(ms)         Min         Max     Std Dev       Count

Performance Statistics   2020-09-29 15:36:00 - 2020-09-29 15:37:00
Tag                                                  Avg(ms)         Min         Max     Std Dev       Count

Performance Statistics   2020-09-29 15:37:00 - 2020-09-29 15:38:00
Tag                                                  Avg(ms)         Min         Max     Std Dev       Count

Performance Statistics   2020-09-29 15:38:00 - 2020-09-29 15:39:00
Tag                                                  Avg(ms)         Min         Max     Std Dev       Count
LoadClass                                                0,0           0           0         0,0           1
Messages.searchClasspath                                 0,0           0           0         0,0         137
Messages.searchFiles                                     0,0           0           0         0,0         137

Performance Statistics   2020-09-29 15:39:00 - 2020-09-29 15:40:00
Tag                                                  Avg(ms)         Min         Max     Std Dev       Count

Performance Statistics   2020-09-29 15:40:00 - 2020-09-29 15:41:00
Tag                                                  Avg(ms)         Min         Max     Std Dev       Count

Performance Statistics   2020-09-29 15:41:00 - 2020-09-29 15:42:00
Tag                                                  Avg(ms)         Min         Max     Std Dev       Count

Performance Statistics   2020-09-29 15:42:00 - 2020-09-29 15:43:00
Tag                                                  Avg(ms)         Min         Max     Std Dev       Count

Performance Statistics   2020-09-29 15:43:00 - 2020-09-29 15:44:00
Tag                                                  Avg(ms)         Min         Max     Std Dev       Count

Performance Statistics   2020-09-29 15:44:00 - 2020-09-29 15:45:00
Tag                                                  Avg(ms)         Min         Max     Std Dev       Count

Performance Statistics   2020-09-29 15:45:00 - 2020-09-29 15:46:00
Tag                                                  Avg(ms)         Min         Max     Std Dev       Count

Performance Statistics   2020-09-29 15:46:00 - 2020-09-29 15:47:00
Tag                                                  Avg(ms)         Min         Max     Std Dev       Count

Performance Statistics   2020-09-29 15:47:00 - 2020-09-29 15:48:00
Tag                                                  Avg(ms)         Min         Max     Std Dev       Count

Performance Statistics   2020-09-29 15:48:00 - 2020-09-29 15:49:00
Tag                                                  Avg(ms)         Min         Max     Std Dev       Count

Performance Statistics   2020-09-29 15:49:00 - 2020-09-29 15:50:00
Tag                                                  Avg(ms)         Min         Max     Std Dev       Count

Performance Statistics   2020-09-29 15:50:00 - 2020-09-29 15:51:00
Tag                                                  Avg(ms)         Min         Max     Std Dev       Count

Performance Statistics   2020-09-29 15:51:00 - 2020-09-29 15:52:00
Tag                                                  Avg(ms)         Min         Max     Std Dev       Count

Performance Statistics   2020-09-29 15:52:00 - 2020-09-29 15:53:00
Tag                                                  Avg(ms)         Min         Max     Std Dev       Count

Performance Statistics   2020-09-29 15:53:00 - 2020-09-29 15:54:00
Tag                                                  Avg(ms)         Min         Max     Std Dev       Count

Performance Statistics   2020-09-29 15:54:00 - 2020-09-29 15:55:00
Tag                                                  Avg(ms)         Min         Max     Std Dev       Count

Performance Statistics   2020-09-29 15:55:00 - 2020-09-29 15:56:00
Tag                                                  Avg(ms)         Min         Max     Std Dev       Count

Performance Statistics   2020-09-29 15:56:00 - 2020-09-29 15:57:00
Tag                                                  Avg(ms)         Min         Max     Std Dev       Count

Performance Statistics   2020-09-29 15:57:00 - 2020-09-29 15:58:00
Tag                                                  Avg(ms)         Min         Max     Std Dev       Count

Performance Statistics   2020-09-29 15:58:00 - 2020-09-29 15:59:00
Tag                                                  Avg(ms)         Min         Max     Std Dev       Count

Performance Statistics   2020-09-29 15:59:00 - 2020-09-29 16:00:00
Tag                                                  Avg(ms)         Min         Max     Std Dev       Count

Performance Statistics   2020-09-29 16:00:00 - 2020-09-29 16:01:00
Tag                                                  Avg(ms)         Min         Max     Std Dev       Count

Performance Statistics   2020-09-29 16:01:00 - 2020-09-29 16:02:00
Tag                                                  Avg(ms)         Min         Max     Std Dev       Count

Performance Statistics   2020-09-29 16:02:00 - 2020-09-29 16:03:00
Tag                                                  Avg(ms)         Min         Max     Std Dev       Count

Performance Statistics   2020-09-29 16:03:00 - 2020-09-29 16:04:00
Tag                                                  Avg(ms)         Min         Max     Std Dev       Count

Performance Statistics   2020-09-29 16:04:00 - 2020-09-29 16:05:00
Tag                                                  Avg(ms)         Min         Max     Std Dev       Count

Performance Statistics   2020-09-29 16:05:00 - 2020-09-29 16:06:00
Tag                                                  Avg(ms)         Min         Max     Std Dev       Count

Performance Statistics   2020-09-29 16:06:00 - 2020-09-29 16:07:00
Tag                                                  Avg(ms)         Min         Max     Std Dev       Count

Performance Statistics   2020-09-29 16:07:00 - 2020-09-29 16:08:00
Tag                                                  Avg(ms)         Min         Max     Std Dev       Count

Performance Statistics   2020-09-29 16:08:00 - 2020-09-29 16:09:00
Tag                                                  Avg(ms)         Min         Max     Std Dev       Count

Performance Statistics   2020-09-29 16:09:00 - 2020-09-29 16:10:00
Tag                                                  Avg(ms)         Min         Max     Std Dev       Count

Performance Statistics   2020-09-29 16:10:00 - 2020-09-29 16:11:00
Tag                                                  Avg(ms)         Min         Max     Std Dev       Count
LoadClass                                               18,0           0          50        19,6           7
Messages.searchClasspath                                 0,2           0          90         4,0         506
Messages.searchFiles                                     0,2           0          89         4,0         506

Performance Statistics   2020-09-29 16:11:00 - 2020-09-29 16:12:00
Tag                                                  Avg(ms)         Min         Max     Std Dev       Count

Performance Statistics   2020-09-29 16:12:00 - 2020-09-29 16:13:00
Tag                                                  Avg(ms)         Min         Max     Std Dev       Count

Performance Statistics   2020-09-29 16:13:00 - 2020-09-29 16:14:00
Tag                                                  Avg(ms)         Min         Max     Std Dev       Count

Performance Statistics   2020-09-29 16:14:00 - 2020-09-29 16:15:00
Tag                                                  Avg(ms)         Min         Max     Std Dev       Count
LoadClass                                                0,3           0           1         0,4           4
Messages.searchClasspath                                 0,0           0           1         0,1          61
Messages.searchFiles                                     0,0           0           0         0,0          61

Performance Statistics   2020-09-29 16:15:00 - 2020-09-29 16:16:00
Tag                                                  Avg(ms)         Min         Max     Std Dev       Count

Performance Statistics   2020-09-29 16:16:00 - 2020-09-29 16:17:00
Tag                                                  Avg(ms)         Min         Max     Std Dev       Count

Performance Statistics   2020-09-29 16:17:00 - 2020-09-29 16:18:00
Tag                                                  Avg(ms)         Min         Max     Std Dev       Count

Performance Statistics   2020-09-29 16:18:00 - 2020-09-29 16:19:00
Tag                                                  Avg(ms)         Min         Max     Std Dev       Count

Performance Statistics   2020-09-29 16:19:00 - 2020-09-29 16:20:00
Tag                                                  Avg(ms)         Min         Max     Std Dev       Count

Performance Statistics   2020-09-29 16:20:00 - 2020-09-29 16:21:00
Tag                                                  Avg(ms)         Min         Max     Std Dev       Count

Performance Statistics   2020-09-29 16:21:00 - 2020-09-29 16:22:00
Tag                                                  Avg(ms)         Min         Max     Std Dev       Count

Performance Statistics   2020-09-29 16:22:00 - 2020-09-29 16:23:00
Tag                                                  Avg(ms)         Min         Max     Std Dev       Count

Performance Statistics   2020-09-29 16:23:00 - 2020-09-29 16:24:00
Tag                                                  Avg(ms)         Min         Max     Std Dev       Count

Performance Statistics   2020-09-29 16:24:00 - 2020-09-29 16:25:00
Tag                                                  Avg(ms)         Min         Max     Std Dev       Count
LoadClass                                                0,0           0           0         0,0          14
Messages.searchClasspath                                 0,0           0           0         0,0          10
Messages.searchFiles                                     0,0           0           0         0,0          10

Performance Statistics   2020-09-29 16:25:00 - 2020-09-29 16:26:00
Tag                                                  Avg(ms)         Min         Max     Std Dev       Count

Performance Statistics   2020-09-29 16:26:00 - 2020-09-29 16:27:00
Tag                                                  Avg(ms)         Min         Max     Std Dev       Count

Performance Statistics   2020-09-29 16:27:00 - 2020-09-29 16:28:00
Tag                                                  Avg(ms)         Min         Max     Std Dev       Count

Performance Statistics   2020-09-29 16:28:00 - 2020-09-29 16:29:00
Tag                                                  Avg(ms)         Min         Max     Std Dev       Count

Performance Statistics   2020-09-29 16:29:00 - 2020-09-29 16:30:00
Tag                                                  Avg(ms)         Min         Max     Std Dev       Count

Performance Statistics   2020-09-29 16:30:00 - 2020-09-29 16:31:00
Tag                                                  Avg(ms)         Min         Max     Std Dev       Count

Performance Statistics   2020-09-29 16:31:00 - 2020-09-29 16:32:00
Tag                                                  Avg(ms)         Min         Max     Std Dev       Count

Performance Statistics   2020-09-29 16:32:00 - 2020-09-29 16:33:00
Tag                                                  Avg(ms)         Min         Max     Std Dev       Count

Performance Statistics   2020-09-29 16:33:00 - 2020-09-29 16:34:00
Tag                                                  Avg(ms)         Min         Max     Std Dev       Count

Performance Statistics   2020-09-29 16:35:00 - 2020-09-29 16:36:00
Tag                                                  Avg(ms)         Min         Max     Std Dev       Count
LoadClass                                                0,3           0           1         0,5          14
Messages.searchClasspath                                 0,1           0           5         0,6         348
Messages.searchFiles                                     0,0           0          13         0,7         348
Metadata.replaceExtendedMetaClasses                      1,0           1           1         0,0           2
ViewRepository.init.ViewRepositoryImpl                  28,0          28          28         0,0           1
WebJARs                                                 29,0          29          29         0,0           1

Performance Statistics   2020-09-29 16:36:00 - 2020-09-29 16:37:00
Tag                                                  Avg(ms)         Min         Max     Std Dev       Count

Performance Statistics   2020-09-29 16:37:00 - 2020-09-29 16:38:00
Tag                                                  Avg(ms)         Min         Max     Std Dev       Count

Performance Statistics   2020-09-29 16:38:00 - 2020-09-29 16:39:00
Tag                                                  Avg(ms)         Min         Max     Std Dev       Count

Performance Statistics   2020-09-29 16:39:00 - 2020-09-29 16:40:00
Tag                                                  Avg(ms)         Min         Max     Std Dev       Count

Performance Statistics   2020-09-29 16:40:00 - 2020-09-29 16:41:00
Tag                                                  Avg(ms)         Min         Max     Std Dev       Count

Performance Statistics   2020-09-29 16:41:00 - 2020-09-29 16:42:00
Tag                                                  Avg(ms)         Min         Max     Std Dev       Count

Performance Statistics   2020-09-29 16:42:00 - 2020-09-29 16:43:00
Tag                                                  Avg(ms)         Min         Max     Std Dev       Count

Performance Statistics   2020-09-29 16:43:00 - 2020-09-29 16:44:00
Tag                                                  Avg(ms)         Min         Max     Std Dev       Count

Performance Statistics   2020-09-29 16:44:00 - 2020-09-29 16:45:00
Tag                                                  Avg(ms)         Min         Max     Std Dev       Count

Performance Statistics   2020-09-29 16:45:00 - 2020-09-29 16:46:00
Tag                                                  Avg(ms)         Min         Max     Std Dev       Count

Performance Statistics   2020-09-29 16:46:00 - 2020-09-29 16:47:00
Tag                                                  Avg(ms)         Min         Max     Std Dev       Count

Performance Statistics   2020-09-29 16:47:00 - 2020-09-29 16:48:00
Tag                                                  Avg(ms)         Min         Max     Std Dev       Count

Performance Statistics   2020-09-29 16:48:00 - 2020-09-29 16:49:00
Tag                                                  Avg(ms)         Min         Max     Std Dev       Count

Performance Statistics   2020-09-29 16:49:00 - 2020-09-29 16:50:00
Tag                                                  Avg(ms)         Min         Max     Std Dev       Count

Performance Statistics   2020-09-29 16:50:00 - 2020-09-29 16:51:00
Tag                                                  Avg(ms)         Min         Max     Std Dev       Count

Performance Statistics   2020-09-29 16:51:00 - 2020-09-29 16:52:00
Tag                                                  Avg(ms)         Min         Max     Std Dev       Count

Performance Statistics   2020-09-29 16:52:00 - 2020-09-29 16:53:00
Tag                                                  Avg(ms)         Min         Max     Std Dev       Count

Performance Statistics   2020-09-29 16:53:00 - 2020-09-29 16:54:00
Tag                                                  Avg(ms)         Min         Max     Std Dev       Count

Performance Statistics   2020-09-29 16:54:00 - 2020-09-29 16:55:00
Tag                                                  Avg(ms)         Min         Max     Std Dev       Count

Performance Statistics   2020-09-29 16:55:00 - 2020-09-29 16:56:00
Tag                                                  Avg(ms)         Min         Max     Std Dev       Count

Performance Statistics   2020-09-29 16:56:00 - 2020-09-29 16:57:00
Tag                                                  Avg(ms)         Min         Max     Std Dev       Count

Performance Statistics   2020-09-29 16:57:00 - 2020-09-29 16:58:00
Tag                                                  Avg(ms)         Min         Max     Std Dev       Count

Performance Statistics   2020-09-29 16:58:00 - 2020-09-29 16:59:00
Tag                                                  Avg(ms)         Min         Max     Std Dev       Count

Performance Statistics   2020-09-29 16:59:00 - 2020-09-29 17:00:00
Tag                                                  Avg(ms)         Min         Max     Std Dev       Count

Performance Statistics   2020-09-29 17:00:00 - 2020-09-29 17:01:00
Tag                                                  Avg(ms)         Min         Max     Std Dev       Count

Performance Statistics   2020-09-29 17:01:00 - 2020-09-29 17:02:00
Tag                                                  Avg(ms)         Min         Max     Std Dev       Count

Performance Statistics   2020-09-29 17:02:00 - 2020-09-29 17:03:00
Tag                                                  Avg(ms)         Min         Max     Std Dev       Count

Performance Statistics   2020-09-29 17:03:00 - 2020-09-29 17:04:00
Tag                                                  Avg(ms)         Min         Max     Std Dev       Count

Performance Statistics   2020-09-29 17:04:00 - 2020-09-29 17:05:00
Tag                                                  Avg(ms)         Min         Max     Std Dev       Count

Performance Statistics   2020-09-29 17:05:00 - 2020-09-29 17:06:00
Tag                                                  Avg(ms)         Min         Max     Std Dev       Count

Performance Statistics   2020-09-29 17:06:00 - 2020-09-29 17:07:00
Tag                                                  Avg(ms)         Min         Max     Std Dev       Count

Performance Statistics   2020-09-29 17:07:00 - 2020-09-29 17:08:00
Tag                                                  Avg(ms)         Min         Max     Std Dev       Count

Performance Statistics   2020-09-29 17:08:00 - 2020-09-29 17:09:00
Tag                                                  Avg(ms)         Min         Max     Std Dev       Count

Performance Statistics   2020-09-29 17:09:00 - 2020-09-29 17:10:00
Tag                                                  Avg(ms)         Min         Max     Std Dev       Count

Performance Statistics   2020-09-29 17:10:00 - 2020-09-29 17:11:00
Tag                                                  Avg(ms)         Min         Max     Std Dev       Count

Performance Statistics   2020-09-29 17:11:00 - 2020-09-29 17:12:00
Tag                                                  Avg(ms)         Min         Max     Std Dev       Count

Performance Statistics   2020-09-29 17:12:00 - 2020-09-29 17:13:00
Tag                                                  Avg(ms)         Min         Max     Std Dev       Count

Performance Statistics   2020-09-29 17:13:00 - 2020-09-29 17:14:00
Tag                                                  Avg(ms)         Min         Max     Std Dev       Count

Performance Statistics   2020-09-29 17:14:00 - 2020-09-29 17:15:00
Tag                                                  Avg(ms)         Min         Max     Std Dev       Count

Performance Statistics   2020-09-29 17:15:00 - 2020-09-29 17:16:00
Tag                                                  Avg(ms)         Min         Max     Std Dev       Count

Performance Statistics   2020-09-29 17:16:00 - 2020-09-29 17:17:00
Tag                                                  Avg(ms)         Min         Max     Std Dev       Count

Performance Statistics   2020-09-29 17:17:00 - 2020-09-29 17:18:00
Tag                                                  Avg(ms)         Min         Max     Std Dev       Count

Performance Statistics   2020-09-29 17:18:00 - 2020-09-29 17:19:00
Tag                                                  Avg(ms)         Min         Max     Std Dev       Count

Performance Statistics   2020-09-29 17:19:00 - 2020-09-29 17:20:00
Tag                                                  Avg(ms)         Min         Max     Std Dev       Count

Performance Statistics   2020-09-29 17:20:00 - 2020-09-29 17:21:00
Tag                                                  Avg(ms)         Min         Max     Std Dev       Count

Performance Statistics   2020-09-29 17:21:00 - 2020-09-29 17:22:00
Tag                                                  Avg(ms)         Min         Max     Std Dev       Count

Performance Statistics   2020-09-29 17:22:00 - 2020-09-29 17:23:00
Tag                                                  Avg(ms)         Min         Max     Std Dev       Count

Performance Statistics   2020-09-29 17:23:00 - 2020-09-29 17:24:00
Tag                                                  Avg(ms)         Min         Max     Std Dev       Count

Performance Statistics   2020-09-29 17:24:00 - 2020-09-29 17:25:00
Tag                                                  Avg(ms)         Min         Max     Std Dev       Count

Performance Statistics   2020-09-29 17:25:00 - 2020-09-29 17:26:00
Tag                                                  Avg(ms)         Min         Max     Std Dev       Count

Performance Statistics   2020-09-29 17:26:00 - 2020-09-29 17:27:00
Tag                                                  Avg(ms)         Min         Max     Std Dev       Count

Performance Statistics   2020-09-29 17:27:00 - 2020-09-29 17:28:00
Tag                                                  Avg(ms)         Min         Max     Std Dev       Count

Performance Statistics   2020-09-29 17:28:00 - 2020-09-29 17:29:00
Tag                                                  Avg(ms)         Min         Max     Std Dev       Count

Performance Statistics   2020-09-29 17:29:00 - 2020-09-29 17:30:00
Tag                                                  Avg(ms)         Min         Max     Std Dev       Count

Performance Statistics   2020-09-29 17:30:00 - 2020-09-29 17:31:00
Tag                                                  Avg(ms)         Min         Max     Std Dev       Count

Performance Statistics   2020-09-29 17:31:00 - 2020-09-29 17:32:00
Tag                                                  Avg(ms)         Min         Max     Std Dev       Count

Performance Statistics   2020-09-29 17:32:00 - 2020-09-29 17:33:00
Tag                                                  Avg(ms)         Min         Max     Std Dev       Count

Performance Statistics   2020-09-29 17:33:00 - 2020-09-29 17:34:00
Tag                                                  Avg(ms)         Min         Max     Std Dev       Count

Performance Statistics   2020-09-29 17:34:00 - 2020-09-29 17:35:00
Tag                                                  Avg(ms)         Min         Max     Std Dev       Count

Performance Statistics   2020-09-29 17:35:00 - 2020-09-29 17:36:00
Tag                                                  Avg(ms)         Min         Max     Std Dev       Count

Performance Statistics   2020-09-29 17:36:00 - 2020-09-29 17:37:00
Tag                                                  Avg(ms)         Min         Max     Std Dev       Count

Performance Statistics   2020-09-29 17:37:00 - 2020-09-29 17:38:00
Tag                                                  Avg(ms)         Min         Max     Std Dev       Count

Performance Statistics   2020-09-29 17:38:00 - 2020-09-29 17:39:00
Tag                                                  Avg(ms)         Min         Max     Std Dev       Count

Performance Statistics   2020-09-29 17:39:00 - 2020-09-29 17:40:00
Tag                                                  Avg(ms)         Min         Max     Std Dev       Count

Performance Statistics   2020-09-29 17:40:00 - 2020-09-29 17:41:00
Tag                                                  Avg(ms)         Min         Max     Std Dev       Count

Performance Statistics   2020-09-29 17:41:00 - 2020-09-29 17:42:00
Tag                                                  Avg(ms)         Min         Max     Std Dev       Count

Performance Statistics   2020-09-29 17:42:00 - 2020-09-29 17:43:00
Tag                                                  Avg(ms)         Min         Max     Std Dev       Count

Performance Statistics   2020-09-29 17:43:00 - 2020-09-29 17:44:00
Tag                                                  Avg(ms)         Min         Max     Std Dev       Count

Performance Statistics   2020-09-29 17:44:00 - 2020-09-29 17:45:00
Tag                                                  Avg(ms)         Min         Max     Std Dev       Count

Performance Statistics   2020-09-29 17:45:00 - 2020-09-29 17:46:00
Tag                                                  Avg(ms)         Min         Max     Std Dev       Count

Performance Statistics   2020-09-29 17:46:00 - 2020-09-29 17:47:00
Tag                                                  Avg(ms)         Min         Max     Std Dev       Count

Performance Statistics   2020-09-29 17:47:00 - 2020-09-29 17:48:00
Tag                                                  Avg(ms)         Min         Max     Std Dev       Count

Performance Statistics   2020-09-29 17:48:00 - 2020-09-29 17:49:00
Tag                                                  Avg(ms)         Min         Max     Std Dev       Count

Performance Statistics   2020-09-29 17:49:00 - 2020-09-29 17:50:00
Tag                                                  Avg(ms)         Min         Max     Std Dev       Count

Performance Statistics   2020-09-29 17:50:00 - 2020-09-29 17:51:00
Tag                                                  Avg(ms)         Min         Max     Std Dev       Count

Performance Statistics   2020-09-29 17:51:00 - 2020-09-29 17:52:00
Tag                                                  Avg(ms)         Min         Max     Std Dev       Count

Performance Statistics   2020-09-29 17:52:00 - 2020-09-29 17:53:00
Tag                                                  Avg(ms)         Min         Max     Std Dev       Count

Performance Statistics   2020-09-29 17:53:00 - 2020-09-29 17:54:00
Tag                                                  Avg(ms)         Min         Max     Std Dev       Count

Performance Statistics   2020-09-29 17:54:00 - 2020-09-29 17:55:00
Tag                                                  Avg(ms)         Min         Max     Std Dev       Count

Performance Statistics   2020-09-29 17:55:00 - 2020-09-29 17:56:00
Tag                                                  Avg(ms)         Min         Max     Std Dev       Count

Performance Statistics   2020-09-29 17:56:00 - 2020-09-29 17:57:00
Tag                                                  Avg(ms)         Min         Max     Std Dev       Count

Performance Statistics   2020-09-29 17:57:00 - 2020-09-29 17:58:00
Tag                                                  Avg(ms)         Min         Max     Std Dev       Count

Performance Statistics   2020-09-29 17:58:00 - 2020-09-29 17:59:00
Tag                                                  Avg(ms)         Min         Max     Std Dev       Count

Performance Statistics   2020-09-29 17:59:00 - 2020-09-29 18:00:00
Tag                                                  Avg(ms)         Min         Max     Std Dev       Count

Performance Statistics   2020-09-29 18:00:00 - 2020-09-29 18:01:00
Tag                                                  Avg(ms)         Min         Max     Std Dev       Count

Performance Statistics   2020-09-29 18:01:00 - 2020-09-29 18:02:00
Tag                                                  Avg(ms)         Min         Max     Std Dev       Count

Performance Statistics   2020-09-29 18:02:00 - 2020-09-29 18:03:00
Tag                                                  Avg(ms)         Min         Max     Std Dev       Count

Performance Statistics   2020-09-29 18:03:00 - 2020-09-29 18:04:00
Tag                                                  Avg(ms)         Min         Max     Std Dev       Count

Performance Statistics   2020-09-29 18:04:00 - 2020-09-29 18:05:00
Tag                                                  Avg(ms)         Min         Max     Std Dev       Count

Performance Statistics   2020-09-29 18:05:00 - 2020-09-29 18:06:00
Tag                                                  Avg(ms)         Min         Max     Std Dev       Count

Performance Statistics   2020-09-29 18:06:00 - 2020-09-29 18:07:00
Tag                                                  Avg(ms)         Min         Max     Std Dev       Count

Performance Statistics   2020-09-29 18:07:00 - 2020-09-29 18:08:00
Tag                                                  Avg(ms)         Min         Max     Std Dev       Count

Performance Statistics   2020-09-29 18:08:00 - 2020-09-29 18:09:00
Tag                                                  Avg(ms)         Min         Max     Std Dev       Count

Performance Statistics   2020-09-29 18:09:00 - 2020-09-29 18:10:00
Tag                                                  Avg(ms)         Min         Max     Std Dev       Count

Performance Statistics   2020-09-29 18:10:00 - 2020-09-29 18:11:00
Tag                                                  Avg(ms)         Min         Max     Std Dev       Count

Performance Statistics   2020-09-29 18:11:00 - 2020-09-29 18:12:00
Tag                                                  Avg(ms)         Min         Max     Std Dev       Count

Performance Statistics   2020-09-29 18:12:00 - 2020-09-29 18:13:00
Tag                                                  Avg(ms)         Min         Max     Std Dev       Count

Performance Statistics   2020-09-29 18:13:00 - 2020-09-29 18:14:00
Tag                                                  Avg(ms)         Min         Max     Std Dev       Count

Performance Statistics   2020-09-29 18:14:00 - 2020-09-29 18:15:00
Tag                                                  Avg(ms)         Min         Max     Std Dev       Count

Performance Statistics   2020-09-29 18:15:00 - 2020-09-29 18:16:00
Tag                                                  Avg(ms)         Min         Max     Std Dev       Count

Performance Statistics   2020-09-29 18:16:00 - 2020-09-29 18:17:00
Tag                                                  Avg(ms)         Min         Max     Std Dev       Count

Performance Statistics   2020-09-29 18:17:00 - 2020-09-29 18:18:00
Tag                                                  Avg(ms)         Min         Max     Std Dev       Count

Performance Statistics   2020-09-29 18:18:00 - 2020-09-29 18:19:00
Tag                                                  Avg(ms)         Min         Max     Std Dev       Count

Performance Statistics   2020-09-29 18:19:00 - 2020-09-29 18:20:00
Tag                                                  Avg(ms)         Min         Max     Std Dev       Count

Performance Statistics   2020-09-29 18:20:00 - 2020-09-29 18:21:00
Tag                                                  Avg(ms)         Min         Max     Std Dev       Count

Performance Statistics   2020-09-29 18:21:00 - 2020-09-29 18:22:00
Tag                                                  Avg(ms)         Min         Max     Std Dev       Count

Performance Statistics   2020-09-29 18:22:00 - 2020-09-29 18:23:00
Tag                                                  Avg(ms)         Min         Max     Std Dev       Count

Performance Statistics   2020-09-29 18:23:00 - 2020-09-29 18:24:00
Tag                                                  Avg(ms)         Min         Max     Std Dev       Count

Performance Statistics   2020-09-29 18:24:00 - 2020-09-29 18:25:00
Tag                                                  Avg(ms)         Min         Max     Std Dev       Count

Performance Statistics   2020-09-29 18:25:00 - 2020-09-29 18:26:00
Tag                                                  Avg(ms)         Min         Max     Std Dev       Count

Performance Statistics   2020-09-29 18:26:00 - 2020-09-29 18:27:00
Tag                                                  Avg(ms)         Min         Max     Std Dev       Count

Performance Statistics   2020-09-29 18:27:00 - 2020-09-29 18:28:00
Tag                                                  Avg(ms)         Min         Max     Std Dev       Count

Performance Statistics   2020-09-29 18:28:00 - 2020-09-29 18:29:00
Tag                                                  Avg(ms)         Min         Max     Std Dev       Count

Performance Statistics   2020-09-29 18:29:00 - 2020-09-29 18:30:00
Tag                                                  Avg(ms)         Min         Max     Std Dev       Count

Performance Statistics   2020-09-29 18:30:00 - 2020-09-29 18:31:00
Tag                                                  Avg(ms)         Min         Max     Std Dev       Count

Performance Statistics   2020-09-29 18:31:00 - 2020-09-29 18:32:00
Tag                                                  Avg(ms)         Min         Max     Std Dev       Count

Performance Statistics   2020-09-29 18:32:00 - 2020-09-29 18:33:00
Tag                                                  Avg(ms)         Min         Max     Std Dev       Count

Performance Statistics   2020-09-29 18:33:00 - 2020-09-29 18:34:00
Tag                                                  Avg(ms)         Min         Max     Std Dev       Count

Performance Statistics   2020-09-29 18:34:00 - 2020-09-29 18:35:00
Tag                                                  Avg(ms)         Min         Max     Std Dev       Count

Performance Statistics   2020-09-29 18:35:00 - 2020-09-29 18:36:00
Tag                                                  Avg(ms)         Min         Max     Std Dev       Count

Performance Statistics   2020-09-29 18:36:00 - 2020-09-29 18:37:00
Tag                                                  Avg(ms)         Min         Max     Std Dev       Count

Performance Statistics   2020-09-29 18:37:00 - 2020-09-29 18:38:00
Tag                                                  Avg(ms)         Min         Max     Std Dev       Count

Performance Statistics   2020-09-29 18:38:00 - 2020-09-29 18:39:00
Tag                                                  Avg(ms)         Min         Max     Std Dev       Count

Performance Statistics   2020-09-29 18:39:00 - 2020-09-29 18:40:00
Tag                                                  Avg(ms)         Min         Max     Std Dev       Count

Performance Statistics   2020-09-29 18:40:00 - 2020-09-29 18:41:00
Tag                                                  Avg(ms)         Min         Max     Std Dev       Count

Performance Statistics   2020-09-29 18:41:00 - 2020-09-29 18:42:00
Tag                                                  Avg(ms)         Min         Max     Std Dev       Count

Performance Statistics   2020-09-29 18:42:00 - 2020-09-29 18:43:00
Tag                                                  Avg(ms)         Min         Max     Std Dev       Count

Performance Statistics   2020-09-29 18:43:00 - 2020-09-29 18:44:00
Tag                                                  Avg(ms)         Min         Max     Std Dev       Count

Performance Statistics   2020-09-29 18:44:00 - 2020-09-29 18:45:00
Tag                                                  Avg(ms)         Min         Max     Std Dev       Count

Performance Statistics   2020-09-29 18:45:00 - 2020-09-29 18:46:00
Tag                                                  Avg(ms)         Min         Max     Std Dev       Count

Performance Statistics   2020-09-29 18:46:00 - 2020-09-29 18:47:00
Tag                                                  Avg(ms)         Min         Max     Std Dev       Count

Performance Statistics   2020-09-29 18:47:00 - 2020-09-29 18:48:00
Tag                                                  Avg(ms)         Min         Max     Std Dev       Count

Performance Statistics   2020-09-29 18:48:00 - 2020-09-29 18:49:00
Tag                                                  Avg(ms)         Min         Max     Std Dev       Count

Performance Statistics   2020-09-29 18:50:00 - 2020-09-29 18:51:00
Tag                                                  Avg(ms)         Min         Max     Std Dev       Count

Performance Statistics   2020-09-29 18:51:00 - 2020-09-29 18:52:00
Tag                                                  Avg(ms)         Min         Max     Std Dev       Count

Performance Statistics   2020-09-29 18:52:00 - 2020-09-29 18:53:00
Tag                                                  Avg(ms)         Min         Max     Std Dev       Count

Performance Statistics   2020-09-29 18:53:00 - 2020-09-29 18:54:00
Tag                                                  Avg(ms)         Min         Max     Std Dev       Count

Performance Statistics   2020-09-29 18:54:00 - 2020-09-29 18:55:00
Tag                                                  Avg(ms)         Min         Max     Std Dev       Count

Performance Statistics   2020-09-29 18:55:00 - 2020-09-29 18:56:00
Tag                                                  Avg(ms)         Min         Max     Std Dev       Count

Performance Statistics   2020-09-29 18:56:00 - 2020-09-29 18:57:00
Tag                                                  Avg(ms)         Min         Max     Std Dev       Count

Performance Statistics   2020-09-29 18:57:00 - 2020-09-29 18:58:00
Tag                                                  Avg(ms)         Min         Max     Std Dev       Count

Performance Statistics   2020-09-29 18:58:00 - 2020-09-29 18:59:00
Tag                                                  Avg(ms)         Min         Max     Std Dev       Count

Performance Statistics   2020-09-29 18:59:00 - 2020-09-29 19:00:00
Tag                                                  Avg(ms)         Min         Max     Std Dev       Count

Performance Statistics   2020-09-29 19:00:00 - 2020-09-29 19:01:00
Tag                                                  Avg(ms)         Min         Max     Std Dev       Count

Performance Statistics   2020-09-29 19:01:00 - 2020-09-29 19:02:00
Tag                                                  Avg(ms)         Min         Max     Std Dev       Count

Performance Statistics   2020-09-29 19:02:00 - 2020-09-29 19:03:00
Tag                                                  Avg(ms)         Min         Max     Std Dev       Count

Performance Statistics   2020-09-29 19:03:00 - 2020-09-29 19:04:00
Tag                                                  Avg(ms)         Min         Max     Std Dev       Count

Performance Statistics   2020-09-29 19:04:00 - 2020-09-29 19:05:00
Tag                                                  Avg(ms)         Min         Max     Std Dev       Count

Performance Statistics   2020-09-29 19:05:00 - 2020-09-29 19:06:00
Tag                                                  Avg(ms)         Min         Max     Std Dev       Count

Performance Statistics   2020-09-29 19:06:00 - 2020-09-29 19:07:00
Tag                                                  Avg(ms)         Min         Max     Std Dev       Count

Performance Statistics   2020-09-29 19:07:00 - 2020-09-29 19:08:00
Tag                                                  Avg(ms)         Min         Max     Std Dev       Count

Performance Statistics   2020-09-29 19:08:00 - 2020-09-29 19:09:00
Tag                                                  Avg(ms)         Min         Max     Std Dev       Count

Performance Statistics   2020-09-29 19:09:00 - 2020-09-29 19:10:00
Tag                                                  Avg(ms)         Min         Max     Std Dev       Count

Performance Statistics   2020-09-29 19:10:00 - 2020-09-29 19:11:00
Tag                                                  Avg(ms)         Min         Max     Std Dev       Count

Performance Statistics   2020-09-29 19:11:00 - 2020-09-29 19:12:00
Tag                                                  Avg(ms)         Min         Max     Std Dev       Count

Performance Statistics   2020-09-29 19:12:00 - 2020-09-29 19:13:00
Tag                                                  Avg(ms)         Min         Max     Std Dev       Count

Performance Statistics   2020-09-29 19:13:00 - 2020-09-29 19:14:00
Tag                                                  Avg(ms)         Min         Max     Std Dev       Count

Performance Statistics   2020-09-29 19:14:00 - 2020-09-29 19:15:00
Tag                                                  Avg(ms)         Min         Max     Std Dev       Count

Performance Statistics   2020-09-29 19:15:00 - 2020-09-29 19:16:00
Tag                                                  Avg(ms)         Min         Max     Std Dev       Count

Performance Statistics   2020-09-29 19:16:00 - 2020-09-29 19:17:00
Tag                                                  Avg(ms)         Min         Max     Std Dev       Count

Performance Statistics   2020-09-29 19:17:00 - 2020-09-29 19:18:00
Tag                                                  Avg(ms)         Min         Max     Std Dev       Count

Performance Statistics   2020-09-29 19:18:00 - 2020-09-29 19:19:00
Tag                                                  Avg(ms)         Min         Max     Std Dev       Count

Performance Statistics   2020-09-29 19:19:00 - 2020-09-29 19:20:00
Tag                                                  Avg(ms)         Min         Max     Std Dev       Count

Performance Statistics   2020-09-29 19:20:00 - 2020-09-29 19:21:00
Tag                                                  Avg(ms)         Min         Max     Std Dev       Count

Performance Statistics   2020-09-29 19:21:00 - 2020-09-29 19:22:00
Tag                                                  Avg(ms)         Min         Max     Std Dev       Count

Performance Statistics   2020-09-29 19:22:00 - 2020-09-29 19:23:00
Tag                                                  Avg(ms)         Min         Max     Std Dev       Count

Performance Statistics   2020-09-29 19:23:00 - 2020-09-29 19:24:00
Tag                                                  Avg(ms)         Min         Max     Std Dev       Count

Performance Statistics   2020-09-29 19:24:00 - 2020-09-29 19:25:00
Tag                                                  Avg(ms)         Min         Max     Std Dev       Count

Performance Statistics   2020-09-29 19:25:00 - 2020-09-29 19:26:00
Tag                                                  Avg(ms)         Min         Max     Std Dev       Count

Performance Statistics   2020-09-29 19:26:00 - 2020-09-29 19:27:00
Tag                                                  Avg(ms)         Min         Max     Std Dev       Count

Performance Statistics   2020-09-29 19:27:00 - 2020-09-29 19:28:00
Tag                                                  Avg(ms)         Min         Max     Std Dev       Count

Performance Statistics   2020-09-29 19:28:00 - 2020-09-29 19:29:00
Tag                                                  Avg(ms)         Min         Max     Std Dev       Count

Performance Statistics   2020-09-29 19:29:00 - 2020-09-29 19:30:00
Tag                                                  Avg(ms)         Min         Max     Std Dev       Count

Performance Statistics   2020-09-29 19:30:00 - 2020-09-29 19:31:00
Tag                                                  Avg(ms)         Min         Max     Std Dev       Count

Performance Statistics   2020-09-29 19:31:00 - 2020-09-29 19:32:00
Tag                                                  Avg(ms)         Min         Max     Std Dev       Count

Performance Statistics   2020-09-29 19:32:00 - 2020-09-29 19:33:00
Tag                                                  Avg(ms)         Min         Max     Std Dev       Count

Performance Statistics   2020-09-29 19:33:00 - 2020-09-29 19:34:00
Tag                                                  Avg(ms)         Min         Max     Std Dev       Count

Performance Statistics   2020-09-29 19:34:00 - 2020-09-29 19:35:00
Tag                                                  Avg(ms)         Min         Max     Std Dev       Count

Performance Statistics   2020-09-29 19:35:00 - 2020-09-29 19:36:00
Tag                                                  Avg(ms)         Min         Max     Std Dev       Count

Performance Statistics   2020-09-29 19:36:00 - 2020-09-29 19:37:00
Tag                                                  Avg(ms)         Min         Max     Std Dev       Count

Performance Statistics   2020-09-29 19:37:00 - 2020-09-29 19:38:00
Tag                                                  Avg(ms)         Min         Max     Std Dev       Count

Performance Statistics   2020-09-29 19:38:00 - 2020-09-29 19:39:00
Tag                                                  Avg(ms)         Min         Max     Std Dev       Count

Performance Statistics   2020-09-29 19:39:00 - 2020-09-29 19:40:00
Tag                                                  Avg(ms)         Min         Max     Std Dev       Count

Performance Statistics   2020-09-29 19:40:00 - 2020-09-29 19:41:00
Tag                                                  Avg(ms)         Min         Max     Std Dev       Count

Performance Statistics   2020-09-29 19:41:00 - 2020-09-29 19:42:00
Tag                                                  Avg(ms)         Min         Max     Std Dev       Count

Performance Statistics   2020-09-29 19:42:00 - 2020-09-29 19:43:00
Tag                                                  Avg(ms)         Min         Max     Std Dev       Count

Performance Statistics   2020-09-29 19:43:00 - 2020-09-29 19:44:00
Tag                                                  Avg(ms)         Min         Max     Std Dev       Count

Performance Statistics   2020-09-29 19:44:00 - 2020-09-29 19:45:00
Tag                                                  Avg(ms)         Min         Max     Std Dev       Count

Performance Statistics   2020-09-29 19:45:00 - 2020-09-29 19:46:00
Tag                                                  Avg(ms)         Min         Max     Std Dev       Count

Performance Statistics   2020-09-29 19:46:00 - 2020-09-29 19:47:00
Tag                                                  Avg(ms)         Min         Max     Std Dev       Count

Performance Statistics   2020-09-29 19:47:00 - 2020-09-29 19:48:00
Tag                                                  Avg(ms)         Min         Max     Std Dev       Count

Performance Statistics   2020-09-29 19:48:00 - 2020-09-29 19:49:00
Tag                                                  Avg(ms)         Min         Max     Std Dev       Count

Performance Statistics   2020-09-29 19:49:00 - 2020-09-29 19:50:00
Tag                                                  Avg(ms)         Min         Max     Std Dev       Count

Performance Statistics   2020-09-29 19:50:00 - 2020-09-29 19:51:00
Tag                                                  Avg(ms)         Min         Max     Std Dev       Count

Performance Statistics   2020-09-29 19:51:00 - 2020-09-29 19:52:00
Tag                                                  Avg(ms)         Min         Max     Std Dev       Count

Performance Statistics   2020-09-29 19:52:00 - 2020-09-29 19:53:00
Tag                                                  Avg(ms)         Min         Max     Std Dev       Count

Performance Statistics   2020-09-29 19:53:00 - 2020-09-29 19:54:00
Tag                                                  Avg(ms)         Min         Max     Std Dev       Count

Performance Statistics   2020-09-29 19:54:00 - 2020-09-29 19:55:00
Tag                                                  Avg(ms)         Min         Max     Std Dev       Count

Performance Statistics   2020-09-29 19:55:00 - 2020-09-29 19:56:00
Tag                                                  Avg(ms)         Min         Max     Std Dev       Count

Performance Statistics   2020-09-29 19:56:00 - 2020-09-29 19:57:00
Tag                                                  Avg(ms)         Min         Max     Std Dev       Count

Performance Statistics   2020-09-29 19:57:00 - 2020-09-29 19:58:00
Tag                                                  Avg(ms)         Min         Max     Std Dev       Count

Performance Statistics   2020-09-29 19:58:00 - 2020-09-29 19:59:00
Tag                                                  Avg(ms)         Min         Max     Std Dev       Count

Performance Statistics   2020-09-29 19:59:00 - 2020-09-29 20:00:00
Tag                                                  Avg(ms)         Min         Max     Std Dev       Count

Performance Statistics   2020-09-29 20:00:00 - 2020-09-29 20:01:00
Tag                                                  Avg(ms)         Min         Max     Std Dev       Count

Performance Statistics   2020-09-29 20:01:00 - 2020-09-29 20:02:00
Tag                                                  Avg(ms)         Min         Max     Std Dev       Count

Performance Statistics   2020-09-29 20:02:00 - 2020-09-29 20:03:00
Tag                                                  Avg(ms)         Min         Max     Std Dev       Count

Performance Statistics   2020-09-29 20:03:00 - 2020-09-29 20:04:00
Tag                                                  Avg(ms)         Min         Max     Std Dev       Count

Performance Statistics   2020-09-29 20:04:00 - 2020-09-29 20:05:00
Tag                                                  Avg(ms)         Min         Max     Std Dev       Count

Performance Statistics   2020-09-29 20:05:00 - 2020-09-29 20:06:00
Tag                                                  Avg(ms)         Min         Max     Std Dev       Count

Performance Statistics   2020-09-29 20:06:00 - 2020-09-29 20:07:00
Tag                                                  Avg(ms)         Min         Max     Std Dev       Count

Performance Statistics   2020-09-29 20:07:00 - 2020-09-29 20:08:00
Tag                                                  Avg(ms)         Min         Max     Std Dev       Count

Performance Statistics   2020-09-29 20:08:00 - 2020-09-29 20:09:00
Tag                                                  Avg(ms)         Min         Max     Std Dev       Count

Performance Statistics   2020-09-29 20:09:00 - 2020-09-29 20:10:00
Tag                                                  Avg(ms)         Min         Max     Std Dev       Count

Performance Statistics   2020-09-29 20:10:00 - 2020-09-29 20:11:00
Tag                                                  Avg(ms)         Min         Max     Std Dev       Count

Performance Statistics   2020-09-29 20:11:00 - 2020-09-29 20:12:00
Tag                                                  Avg(ms)         Min         Max     Std Dev       Count

Performance Statistics   2020-09-29 20:12:00 - 2020-09-29 20:13:00
Tag                                                  Avg(ms)         Min         Max     Std Dev       Count

Performance Statistics   2020-09-29 20:13:00 - 2020-09-29 20:14:00
Tag                                                  Avg(ms)         Min         Max     Std Dev       Count

Performance Statistics   2020-09-29 20:14:00 - 2020-09-29 20:15:00
Tag                                                  Avg(ms)         Min         Max     Std Dev       Count

Performance Statistics   2020-09-29 20:15:00 - 2020-09-29 20:16:00
Tag                                                  Avg(ms)         Min         Max     Std Dev       Count

Performance Statistics   2020-09-29 20:16:00 - 2020-09-29 20:17:00
Tag                                                  Avg(ms)         Min         Max     Std Dev       Count

Performance Statistics   2020-09-29 20:17:00 - 2020-09-29 20:18:00
Tag                                                  Avg(ms)         Min         Max     Std Dev       Count

Performance Statistics   2020-09-29 20:18:00 - 2020-09-29 20:19:00
Tag                                                  Avg(ms)         Min         Max     Std Dev       Count

Performance Statistics   2020-09-29 20:19:00 - 2020-09-29 20:20:00
Tag                                                  Avg(ms)         Min         Max     Std Dev       Count

Performance Statistics   2020-09-29 20:20:00 - 2020-09-29 20:21:00
Tag                                                  Avg(ms)         Min         Max     Std Dev       Count

Performance Statistics   2020-09-29 20:21:00 - 2020-09-29 20:22:00
Tag                                                  Avg(ms)         Min         Max     Std Dev       Count

Performance Statistics   2020-09-29 20:22:00 - 2020-09-29 20:23:00
Tag                                                  Avg(ms)         Min         Max     Std Dev       Count

Performance Statistics   2020-09-29 20:23:00 - 2020-09-29 20:24:00
Tag                                                  Avg(ms)         Min         Max     Std Dev       Count

Performance Statistics   2020-09-29 20:24:00 - 2020-09-29 20:25:00
Tag                                                  Avg(ms)         Min         Max     Std Dev       Count

Performance Statistics   2020-09-29 20:25:00 - 2020-09-29 20:26:00
Tag                                                  Avg(ms)         Min         Max     Std Dev       Count

Performance Statistics   2020-09-29 20:26:00 - 2020-09-29 20:27:00
Tag                                                  Avg(ms)         Min         Max     Std Dev       Count

Performance Statistics   2020-09-29 20:27:00 - 2020-09-29 20:28:00
Tag                                                  Avg(ms)         Min         Max     Std Dev       Count

Performance Statistics   2020-09-29 20:28:00 - 2020-09-29 20:29:00
Tag                                                  Avg(ms)         Min         Max     Std Dev       Count

Performance Statistics   2020-09-29 20:29:00 - 2020-09-29 20:30:00
Tag                                                  Avg(ms)         Min         Max     Std Dev       Count

Performance Statistics   2020-09-29 20:30:00 - 2020-09-29 20:31:00
Tag                                                  Avg(ms)         Min         Max     Std Dev       Count

Performance Statistics   2020-09-29 20:31:00 - 2020-09-29 20:32:00
Tag                                                  Avg(ms)         Min         Max     Std Dev       Count

Performance Statistics   2020-09-29 20:32:00 - 2020-09-29 20:33:00
Tag                                                  Avg(ms)         Min         Max     Std Dev       Count

Performance Statistics   2020-09-29 20:33:00 - 2020-09-29 20:34:00
Tag                                                  Avg(ms)         Min         Max     Std Dev       Count

Performance Statistics   2020-09-29 20:34:00 - 2020-09-29 20:35:00
Tag                                                  Avg(ms)         Min         Max     Std Dev       Count

Performance Statistics   2020-09-29 20:35:00 - 2020-09-29 20:36:00
Tag                                                  Avg(ms)         Min         Max     Std Dev       Count

Performance Statistics   2020-09-29 20:36:00 - 2020-09-29 20:37:00
Tag                                                  Avg(ms)         Min         Max     Std Dev       Count

Performance Statistics   2020-09-29 20:37:00 - 2020-09-29 20:38:00
Tag                                                  Avg(ms)         Min         Max     Std Dev       Count

Performance Statistics   2020-09-29 20:38:00 - 2020-09-29 20:39:00
Tag                                                  Avg(ms)         Min         Max     Std Dev       Count

Performance Statistics   2020-09-29 20:39:00 - 2020-09-29 20:40:00
Tag                                                  Avg(ms)         Min         Max     Std Dev       Count

Performance Statistics   2020-09-29 20:40:00 - 2020-09-29 20:41:00
Tag                                                  Avg(ms)         Min         Max     Std Dev       Count

Performance Statistics   2020-09-29 20:41:00 - 2020-09-29 20:42:00
Tag                                                  Avg(ms)         Min         Max     Std Dev       Count

Performance Statistics   2020-09-29 20:42:00 - 2020-09-29 20:43:00
Tag                                                  Avg(ms)         Min         Max     Std Dev       Count

Performance Statistics   2020-09-29 20:43:00 - 2020-09-29 20:44:00
Tag                                                  Avg(ms)         Min         Max     Std Dev       Count

Performance Statistics   2020-09-29 20:44:00 - 2020-09-29 20:45:00
Tag                                                  Avg(ms)         Min         Max     Std Dev       Count

Performance Statistics   2020-09-29 20:45:00 - 2020-09-29 20:46:00
Tag                                                  Avg(ms)         Min         Max     Std Dev       Count

Performance Statistics   2020-09-29 20:46:00 - 2020-09-29 20:47:00
Tag                                                  Avg(ms)         Min         Max     Std Dev       Count

Performance Statistics   2020-09-29 20:47:00 - 2020-09-29 20:48:00
Tag                                                  Avg(ms)         Min         Max     Std Dev       Count

Performance Statistics   2020-09-29 20:48:00 - 2020-09-29 20:49:00
Tag                                                  Avg(ms)         Min         Max     Std Dev       Count

Performance Statistics   2020-09-29 20:49:00 - 2020-09-29 20:50:00
Tag                                                  Avg(ms)         Min         Max     Std Dev       Count

Performance Statistics   2020-09-29 20:50:00 - 2020-09-29 20:51:00
Tag                                                  Avg(ms)         Min         Max     Std Dev       Count

Performance Statistics   2020-09-29 20:51:00 - 2020-09-29 20:52:00
Tag                                                  Avg(ms)         Min         Max     Std Dev       Count

Performance Statistics   2020-09-29 20:52:00 - 2020-09-29 20:53:00
Tag                                                  Avg(ms)         Min         Max     Std Dev       Count

Performance Statistics   2020-09-29 20:53:00 - 2020-09-29 20:54:00
Tag                                                  Avg(ms)         Min         Max     Std Dev       Count

Performance Statistics   2020-09-29 20:54:00 - 2020-09-29 20:55:00
Tag                                                  Avg(ms)         Min         Max     Std Dev       Count

Performance Statistics   2020-09-29 20:55:00 - 2020-09-29 20:56:00
Tag                                                  Avg(ms)         Min         Max     Std Dev       Count

Performance Statistics   2020-09-29 20:56:00 - 2020-09-29 20:57:00
Tag                                                  Avg(ms)         Min         Max     Std Dev       Count

Performance Statistics   2020-09-29 20:57:00 - 2020-09-29 20:58:00
Tag                                                  Avg(ms)         Min         Max     Std Dev       Count

Performance Statistics   2020-09-29 20:58:00 - 2020-09-29 20:59:00
Tag                                                  Avg(ms)         Min         Max     Std Dev       Count

Performance Statistics   2020-09-29 20:59:00 - 2020-09-29 21:00:00
Tag                                                  Avg(ms)         Min         Max     Std Dev       Count

Performance Statistics   2020-09-29 21:00:00 - 2020-09-29 21:01:00
Tag                                                  Avg(ms)         Min         Max     Std Dev       Count

Performance Statistics   2020-09-29 21:01:00 - 2020-09-29 21:02:00
Tag                                                  Avg(ms)         Min         Max     Std Dev       Count

Performance Statistics   2020-09-29 21:02:00 - 2020-09-29 21:03:00
Tag                                                  Avg(ms)         Min         Max     Std Dev       Count

Performance Statistics   2020-09-29 21:03:00 - 2020-09-29 21:04:00
Tag                                                  Avg(ms)         Min         Max     Std Dev       Count

Performance Statistics   2020-09-29 21:04:00 - 2020-09-29 21:05:00
Tag                                                  Avg(ms)         Min         Max     Std Dev       Count

Performance Statistics   2020-09-29 21:05:00 - 2020-09-29 21:06:00
Tag                                                  Avg(ms)         Min         Max     Std Dev       Count

Performance Statistics   2020-09-29 21:06:00 - 2020-09-29 21:07:00
Tag                                                  Avg(ms)         Min         Max     Std Dev       Count

Performance Statistics   2020-09-29 21:07:00 - 2020-09-29 21:08:00
Tag                                                  Avg(ms)         Min         Max     Std Dev       Count

Performance Statistics   2020-09-29 21:08:00 - 2020-09-29 21:09:00
Tag                                                  Avg(ms)         Min         Max     Std Dev       Count

Performance Statistics   2020-09-29 21:09:00 - 2020-09-29 21:10:00
Tag                                                  Avg(ms)         Min         Max     Std Dev       Count

Performance Statistics   2020-09-29 21:10:00 - 2020-09-29 21:11:00
Tag                                                  Avg(ms)         Min         Max     Std Dev       Count

Performance Statistics   2020-09-29 21:11:00 - 2020-09-29 21:12:00
Tag                                                  Avg(ms)         Min         Max     Std Dev       Count

Performance Statistics   2020-09-29 21:12:00 - 2020-09-29 21:13:00
Tag                                                  Avg(ms)         Min         Max     Std Dev       Count

Performance Statistics   2020-09-29 21:13:00 - 2020-09-29 21:14:00
Tag                                                  Avg(ms)         Min         Max     Std Dev       Count

Performance Statistics   2020-09-29 21:14:00 - 2020-09-29 21:15:00
Tag                                                  Avg(ms)         Min         Max     Std Dev       Count

Performance Statistics   2020-09-29 21:15:00 - 2020-09-29 21:16:00
Tag                                                  Avg(ms)         Min         Max     Std Dev       Count

Performance Statistics   2020-09-29 21:16:00 - 2020-09-29 21:17:00
Tag                                                  Avg(ms)         Min         Max     Std Dev       Count

Performance Statistics   2020-09-29 21:17:00 - 2020-09-29 21:18:00
Tag                                                  Avg(ms)         Min         Max     Std Dev       Count

Performance Statistics   2020-09-29 21:18:00 - 2020-09-29 21:19:00
Tag                                                  Avg(ms)         Min         Max     Std Dev       Count

Performance Statistics   2020-09-29 21:19:00 - 2020-09-29 21:20:00
Tag                                                  Avg(ms)         Min         Max     Std Dev       Count

Performance Statistics   2020-09-29 21:20:00 - 2020-09-29 21:21:00
Tag                                                  Avg(ms)         Min         Max     Std Dev       Count

Performance Statistics   2020-09-29 21:21:00 - 2020-09-29 21:22:00
Tag                                                  Avg(ms)         Min         Max     Std Dev       Count

Performance Statistics   2020-09-29 21:22:00 - 2020-09-29 21:23:00
Tag                                                  Avg(ms)         Min         Max     Std Dev       Count

Performance Statistics   2020-09-29 21:23:00 - 2020-09-29 21:24:00
Tag                                                  Avg(ms)         Min         Max     Std Dev       Count

Performance Statistics   2020-09-29 21:24:00 - 2020-09-29 21:25:00
Tag                                                  Avg(ms)         Min         Max     Std Dev       Count

Performance Statistics   2020-09-29 21:25:00 - 2020-09-29 21:26:00
Tag                                                  Avg(ms)         Min         Max     Std Dev       Count

Performance Statistics   2020-09-29 21:26:00 - 2020-09-29 21:27:00
Tag                                                  Avg(ms)         Min         Max     Std Dev       Count

Performance Statistics   2020-09-29 21:27:00 - 2020-09-29 21:28:00
Tag                                                  Avg(ms)         Min         Max     Std Dev       Count

Performance Statistics   2020-09-29 21:28:00 - 2020-09-29 21:29:00
Tag                                                  Avg(ms)         Min         Max     Std Dev       Count

Performance Statistics   2020-09-29 21:29:00 - 2020-09-29 21:30:00
Tag                                                  Avg(ms)         Min         Max     Std Dev       Count

Performance Statistics   2020-09-29 21:30:00 - 2020-09-29 21:31:00
Tag                                                  Avg(ms)         Min         Max     Std Dev       Count

Performance Statistics   2020-09-29 21:31:00 - 2020-09-29 21:32:00
Tag                                                  Avg(ms)         Min         Max     Std Dev       Count

Performance Statistics   2020-09-29 21:32:00 - 2020-09-29 21:33:00
Tag                                                  Avg(ms)         Min         Max     Std Dev       Count

Performance Statistics   2020-09-29 21:33:00 - 2020-09-29 21:34:00
Tag                                                  Avg(ms)         Min         Max     Std Dev       Count

Performance Statistics   2020-09-29 21:34:00 - 2020-09-29 21:35:00
Tag                                                  Avg(ms)         Min         Max     Std Dev       Count

Performance Statistics   2020-09-29 21:35:00 - 2020-09-29 21:36:00
Tag                                                  Avg(ms)         Min         Max     Std Dev       Count

Performance Statistics   2020-09-29 21:36:00 - 2020-09-29 21:37:00
Tag                                                  Avg(ms)         Min         Max     Std Dev       Count

Performance Statistics   2020-09-29 21:37:00 - 2020-09-29 21:38:00
Tag                                                  Avg(ms)         Min         Max     Std Dev       Count

Performance Statistics   2020-09-29 21:38:00 - 2020-09-29 21:39:00
Tag                                                  Avg(ms)         Min         Max     Std Dev       Count

Performance Statistics   2020-09-29 21:39:00 - 2020-09-29 21:40:00
Tag                                                  Avg(ms)         Min         Max     Std Dev       Count

Performance Statistics   2020-09-29 21:40:00 - 2020-09-29 21:41:00
Tag                                                  Avg(ms)         Min         Max     Std Dev       Count

Performance Statistics   2020-09-29 21:41:00 - 2020-09-29 21:42:00
Tag                                                  Avg(ms)         Min         Max     Std Dev       Count

Performance Statistics   2020-09-29 21:42:00 - 2020-09-29 21:43:00
Tag                                                  Avg(ms)         Min         Max     Std Dev       Count

Performance Statistics   2020-09-29 21:43:00 - 2020-09-29 21:44:00
Tag                                                  Avg(ms)         Min         Max     Std Dev       Count

Performance Statistics   2020-09-29 21:44:00 - 2020-09-29 21:45:00
Tag                                                  Avg(ms)         Min         Max     Std Dev       Count

Performance Statistics   2020-09-29 21:45:00 - 2020-09-29 21:46:00
Tag                                                  Avg(ms)         Min         Max     Std Dev       Count

Performance Statistics   2020-09-29 21:46:00 - 2020-09-29 21:47:00
Tag                                                  Avg(ms)         Min         Max     Std Dev       Count

Performance Statistics   2020-09-29 21:47:00 - 2020-09-29 21:48:00
Tag                                                  Avg(ms)         Min         Max     Std Dev       Count

Performance Statistics   2020-09-29 21:48:00 - 2020-09-29 21:49:00
Tag                                                  Avg(ms)         Min         Max     Std Dev       Count

Performance Statistics   2020-09-29 21:49:00 - 2020-09-29 21:50:00
Tag                                                  Avg(ms)         Min         Max     Std Dev       Count

Performance Statistics   2020-09-29 21:50:00 - 2020-09-29 21:51:00
Tag                                                  Avg(ms)         Min         Max     Std Dev       Count

Performance Statistics   2020-09-29 21:51:00 - 2020-09-29 21:52:00
Tag                                                  Avg(ms)         Min         Max     Std Dev       Count

Performance Statistics   2020-09-29 21:52:00 - 2020-09-29 21:53:00
Tag                                                  Avg(ms)         Min         Max     Std Dev       Count

Performance Statistics   2020-09-29 21:53:00 - 2020-09-29 21:54:00
Tag                                                  Avg(ms)         Min         Max     Std Dev       Count

Performance Statistics   2020-09-29 21:54:00 - 2020-09-29 21:55:00
Tag                                                  Avg(ms)         Min         Max     Std Dev       Count

Performance Statistics   2020-09-29 21:55:00 - 2020-09-29 21:56:00
Tag                                                  Avg(ms)         Min         Max     Std Dev       Count

Performance Statistics   2020-09-29 21:56:00 - 2020-09-29 21:57:00
Tag                                                  Avg(ms)         Min         Max     Std Dev       Count

Performance Statistics   2020-09-29 21:57:00 - 2020-09-29 21:58:00
Tag                                                  Avg(ms)         Min         Max     Std Dev       Count

Performance Statistics   2020-09-29 21:58:00 - 2020-09-29 21:59:00
Tag                                                  Avg(ms)         Min         Max     Std Dev       Count

Performance Statistics   2020-09-29 21:59:00 - 2020-09-29 22:00:00
Tag                                                  Avg(ms)         Min         Max     Std Dev       Count

Performance Statistics   2020-09-29 22:00:00 - 2020-09-29 22:01:00
Tag                                                  Avg(ms)         Min         Max     Std Dev       Count

Performance Statistics   2020-09-29 22:01:00 - 2020-09-29 22:02:00
Tag                                                  Avg(ms)         Min         Max     Std Dev       Count

Performance Statistics   2020-09-29 22:02:00 - 2020-09-29 22:03:00
Tag                                                  Avg(ms)         Min         Max     Std Dev       Count

Performance Statistics   2020-09-29 22:03:00 - 2020-09-29 22:04:00
Tag                                                  Avg(ms)         Min         Max     Std Dev       Count

Performance Statistics   2020-09-29 22:04:00 - 2020-09-29 22:05:00
Tag                                                  Avg(ms)         Min         Max     Std Dev       Count

Performance Statistics   2020-09-29 22:05:00 - 2020-09-29 22:06:00
Tag                                                  Avg(ms)         Min         Max     Std Dev       Count

Performance Statistics   2020-09-29 22:06:00 - 2020-09-29 22:07:00
Tag                                                  Avg(ms)         Min         Max     Std Dev       Count

Performance Statistics   2020-09-29 22:07:00 - 2020-09-29 22:08:00
Tag                                                  Avg(ms)         Min         Max     Std Dev       Count

Performance Statistics   2020-09-29 22:08:00 - 2020-09-29 22:09:00
Tag                                                  Avg(ms)         Min         Max     Std Dev       Count

Performance Statistics   2020-09-29 22:09:00 - 2020-09-29 22:10:00
Tag                                                  Avg(ms)         Min         Max     Std Dev       Count

Performance Statistics   2020-09-29 22:10:00 - 2020-09-29 22:11:00
Tag                                                  Avg(ms)         Min         Max     Std Dev       Count

Performance Statistics   2020-09-29 22:11:00 - 2020-09-29 22:12:00
Tag                                                  Avg(ms)         Min         Max     Std Dev       Count

Performance Statistics   2020-09-29 22:12:00 - 2020-09-29 22:13:00
Tag                                                  Avg(ms)         Min         Max     Std Dev       Count

Performance Statistics   2020-09-29 22:13:00 - 2020-09-29 22:14:00
Tag                                                  Avg(ms)         Min         Max     Std Dev       Count

Performance Statistics   2020-09-29 22:14:00 - 2020-09-29 22:15:00
Tag                                                  Avg(ms)         Min         Max     Std Dev       Count

Performance Statistics   2020-09-29 22:15:00 - 2020-09-29 22:16:00
Tag                                                  Avg(ms)         Min         Max     Std Dev       Count

Performance Statistics   2020-09-29 22:16:00 - 2020-09-29 22:17:00
Tag                                                  Avg(ms)         Min         Max     Std Dev       Count

Performance Statistics   2020-09-29 22:17:00 - 2020-09-29 22:18:00
Tag                                                  Avg(ms)         Min         Max     Std Dev       Count

Performance Statistics   2020-09-29 22:18:00 - 2020-09-29 22:19:00
Tag                                                  Avg(ms)         Min         Max     Std Dev       Count

Performance Statistics   2020-09-29 22:19:00 - 2020-09-29 22:20:00
Tag                                                  Avg(ms)         Min         Max     Std Dev       Count

Performance Statistics   2020-09-29 22:20:00 - 2020-09-29 22:21:00
Tag                                                  Avg(ms)         Min         Max     Std Dev       Count

Performance Statistics   2020-09-29 22:21:00 - 2020-09-29 22:22:00
Tag                                                  Avg(ms)         Min         Max     Std Dev       Count

Performance Statistics   2020-09-29 22:22:00 - 2020-09-29 22:23:00
Tag                                                  Avg(ms)         Min         Max     Std Dev       Count

Performance Statistics   2020-09-29 22:23:00 - 2020-09-29 22:24:00
Tag                                                  Avg(ms)         Min         Max     Std Dev       Count

Performance Statistics   2020-09-29 22:24:00 - 2020-09-29 22:25:00
Tag                                                  Avg(ms)         Min         Max     Std Dev       Count

Performance Statistics   2020-09-29 22:25:00 - 2020-09-29 22:26:00
Tag                                                  Avg(ms)         Min         Max     Std Dev       Count

Performance Statistics   2020-09-29 22:26:00 - 2020-09-29 22:27:00
Tag                                                  Avg(ms)         Min         Max     Std Dev       Count

Performance Statistics   2020-09-29 22:27:00 - 2020-09-29 22:28:00
Tag                                                  Avg(ms)         Min         Max     Std Dev       Count

Performance Statistics   2020-09-29 22:28:00 - 2020-09-29 22:29:00
Tag                                                  Avg(ms)         Min         Max     Std Dev       Count

Performance Statistics   2020-09-29 22:29:00 - 2020-09-29 22:30:00
Tag                                                  Avg(ms)         Min         Max     Std Dev       Count

Performance Statistics   2020-09-29 22:30:00 - 2020-09-29 22:31:00
Tag                                                  Avg(ms)         Min         Max     Std Dev       Count

Performance Statistics   2020-09-29 22:31:00 - 2020-09-29 22:32:00
Tag                                                  Avg(ms)         Min         Max     Std Dev       Count

Performance Statistics   2020-09-29 22:32:00 - 2020-09-29 22:33:00
Tag                                                  Avg(ms)         Min         Max     Std Dev       Count

Performance Statistics   2020-09-29 22:33:00 - 2020-09-29 22:34:00
Tag                                                  Avg(ms)         Min         Max     Std Dev       Count

Performance Statistics   2020-09-29 22:34:00 - 2020-09-29 22:35:00
Tag                                                  Avg(ms)         Min         Max     Std Dev       Count

Performance Statistics   2020-09-29 22:35:00 - 2020-09-29 22:36:00
Tag                                                  Avg(ms)         Min         Max     Std Dev       Count

Performance Statistics   2020-09-29 22:36:00 - 2020-09-29 22:37:00
Tag                                                  Avg(ms)         Min         Max     Std Dev       Count

Performance Statistics   2020-09-29 22:37:00 - 2020-09-29 22:38:00
Tag                                                  Avg(ms)         Min         Max     Std Dev       Count

Performance Statistics   2020-09-29 22:38:00 - 2020-09-29 22:39:00
Tag                                                  Avg(ms)         Min         Max     Std Dev       Count

Performance Statistics   2020-09-29 22:39:00 - 2020-09-29 22:40:00
Tag                                                  Avg(ms)         Min         Max     Std Dev       Count

Performance Statistics   2020-09-29 22:40:00 - 2020-09-29 22:41:00
Tag                                                  Avg(ms)         Min         Max     Std Dev       Count

Performance Statistics   2020-09-29 22:41:00 - 2020-09-29 22:42:00
Tag                                                  Avg(ms)         Min         Max     Std Dev       Count

Performance Statistics   2020-09-29 22:42:00 - 2020-09-29 22:43:00
Tag                                                  Avg(ms)         Min         Max     Std Dev       Count

Performance Statistics   2020-09-29 22:43:00 - 2020-09-29 22:44:00
Tag                                                  Avg(ms)         Min         Max     Std Dev       Count

Performance Statistics   2020-09-29 22:44:00 - 2020-09-29 22:45:00
Tag                                                  Avg(ms)         Min         Max     Std Dev       Count

Performance Statistics   2020-09-29 22:45:00 - 2020-09-29 22:46:00
Tag                                                  Avg(ms)         Min         Max     Std Dev       Count

Performance Statistics   2020-09-29 22:46:00 - 2020-09-29 22:47:00
Tag                                                  Avg(ms)         Min         Max     Std Dev       Count

Performance Statistics   2020-09-29 22:47:00 - 2020-09-29 22:48:00
Tag                                                  Avg(ms)         Min         Max     Std Dev       Count

Performance Statistics   2020-09-29 22:48:00 - 2020-09-29 22:49:00
Tag                                                  Avg(ms)         Min         Max     Std Dev       Count

Performance Statistics   2020-09-29 22:49:00 - 2020-09-29 22:50:00
Tag                                                  Avg(ms)         Min         Max     Std Dev       Count

Performance Statistics   2020-09-29 22:50:00 - 2020-09-29 22:51:00
Tag                                                  Avg(ms)         Min         Max     Std Dev       Count

Performance Statistics   2020-09-29 22:51:00 - 2020-09-29 22:52:00
Tag                                                  Avg(ms)         Min         Max     Std Dev       Count

Performance Statistics   2020-09-29 22:52:00 - 2020-09-29 22:53:00
Tag                                                  Avg(ms)         Min         Max     Std Dev       Count

Performance Statistics   2020-09-29 22:53:00 - 2020-09-29 22:54:00
Tag                                                  Avg(ms)         Min         Max     Std Dev       Count

Performance Statistics   2020-09-29 22:54:00 - 2020-09-29 22:55:00
Tag                                                  Avg(ms)         Min         Max     Std Dev       Count

Performance Statistics   2020-09-29 22:55:00 - 2020-09-29 22:56:00
Tag                                                  Avg(ms)         Min         Max     Std Dev       Count

Performance Statistics   2020-09-29 22:56:00 - 2020-09-29 22:57:00
Tag                                                  Avg(ms)         Min         Max     Std Dev       Count

Performance Statistics   2020-09-29 22:57:00 - 2020-09-29 22:58:00
Tag                                                  Avg(ms)         Min         Max     Std Dev       Count

Performance Statistics   2020-09-29 22:58:00 - 2020-09-29 22:59:00
Tag                                                  Avg(ms)         Min         Max     Std Dev       Count

Performance Statistics   2020-09-29 22:59:00 - 2020-09-29 23:00:00
Tag                                                  Avg(ms)         Min         Max     Std Dev       Count

Performance Statistics   2020-09-29 23:00:00 - 2020-09-29 23:01:00
Tag                                                  Avg(ms)         Min         Max     Std Dev       Count

Performance Statistics   2020-09-29 23:01:00 - 2020-09-29 23:02:00
Tag                                                  Avg(ms)         Min         Max     Std Dev       Count

Performance Statistics   2020-09-29 23:02:00 - 2020-09-29 23:03:00
Tag                                                  Avg(ms)         Min         Max     Std Dev       Count

Performance Statistics   2020-09-29 23:03:00 - 2020-09-29 23:04:00
Tag                                                  Avg(ms)         Min         Max     Std Dev       Count

Performance Statistics   2020-09-29 23:04:00 - 2020-09-29 23:05:00
Tag                                                  Avg(ms)         Min         Max     Std Dev       Count

Performance Statistics   2020-09-29 23:05:00 - 2020-09-29 23:06:00
Tag                                                  Avg(ms)         Min         Max     Std Dev       Count

Performance Statistics   2020-09-29 23:06:00 - 2020-09-29 23:07:00
Tag                                                  Avg(ms)         Min         Max     Std Dev       Count

Performance Statistics   2020-09-29 23:07:00 - 2020-09-29 23:08:00
Tag                                                  Avg(ms)         Min         Max     Std Dev       Count

Performance Statistics   2020-09-29 23:08:00 - 2020-09-29 23:09:00
Tag                                                  Avg(ms)         Min         Max     Std Dev       Count

Performance Statistics   2020-09-29 23:09:00 - 2020-09-29 23:10:00
Tag                                                  Avg(ms)         Min         Max     Std Dev       Count

Performance Statistics   2020-09-29 23:10:00 - 2020-09-29 23:11:00
Tag                                                  Avg(ms)         Min         Max     Std Dev       Count

Performance Statistics   2020-09-29 23:11:00 - 2020-09-29 23:12:00
Tag                                                  Avg(ms)         Min         Max     Std Dev       Count

Performance Statistics   2020-09-29 23:12:00 - 2020-09-29 23:13:00
Tag                                                  Avg(ms)         Min         Max     Std Dev       Count

Performance Statistics   2020-09-29 23:13:00 - 2020-09-29 23:14:00
Tag                                                  Avg(ms)         Min         Max     Std Dev       Count

Performance Statistics   2020-09-29 23:14:00 - 2020-09-29 23:15:00
Tag                                                  Avg(ms)         Min         Max     Std Dev       Count

Performance Statistics   2020-09-29 23:15:00 - 2020-09-29 23:16:00
Tag                                                  Avg(ms)         Min         Max     Std Dev       Count

Performance Statistics   2020-09-29 23:16:00 - 2020-09-29 23:17:00
Tag                                                  Avg(ms)         Min         Max     Std Dev       Count

Performance Statistics   2020-09-29 23:17:00 - 2020-09-29 23:18:00
Tag                                                  Avg(ms)         Min         Max     Std Dev       Count

Performance Statistics   2020-09-29 23:18:00 - 2020-09-29 23:19:00
Tag                                                  Avg(ms)         Min         Max     Std Dev       Count

Performance Statistics   2020-09-29 23:19:00 - 2020-09-29 23:20:00
Tag                                                  Avg(ms)         Min         Max     Std Dev       Count

Performance Statistics   2020-09-29 23:20:00 - 2020-09-29 23:21:00
Tag                                                  Avg(ms)         Min         Max     Std Dev       Count

Performance Statistics   2020-09-29 23:21:00 - 2020-09-29 23:22:00
Tag                                                  Avg(ms)         Min         Max     Std Dev       Count

Performance Statistics   2020-09-29 23:22:00 - 2020-09-29 23:23:00
Tag                                                  Avg(ms)         Min         Max     Std Dev       Count

Performance Statistics   2020-09-29 23:23:00 - 2020-09-29 23:24:00
Tag                                                  Avg(ms)         Min         Max     Std Dev       Count

Performance Statistics   2020-09-29 23:24:00 - 2020-09-29 23:25:00
Tag                                                  Avg(ms)         Min         Max     Std Dev       Count

Performance Statistics   2020-09-29 23:25:00 - 2020-09-29 23:26:00
Tag                                                  Avg(ms)         Min         Max     Std Dev       Count

Performance Statistics   2020-09-29 23:26:00 - 2020-09-29 23:27:00
Tag                                                  Avg(ms)         Min         Max     Std Dev       Count

Performance Statistics   2020-09-29 23:27:00 - 2020-09-29 23:28:00
Tag                                                  Avg(ms)         Min         Max     Std Dev       Count

Performance Statistics   2020-09-29 23:28:00 - 2020-09-29 23:29:00
Tag                                                  Avg(ms)         Min         Max     Std Dev       Count

Performance Statistics   2020-09-29 23:29:00 - 2020-09-29 23:30:00
Tag                                                  Avg(ms)         Min         Max     Std Dev       Count

Performance Statistics   2020-09-29 23:30:00 - 2020-09-29 23:31:00
Tag                                                  Avg(ms)         Min         Max     Std Dev       Count

Performance Statistics   2020-09-29 23:31:00 - 2020-09-29 23:32:00
Tag                                                  Avg(ms)         Min         Max     Std Dev       Count

Performance Statistics   2020-09-29 23:32:00 - 2020-09-29 23:33:00
Tag                                                  Avg(ms)         Min         Max     Std Dev       Count

Performance Statistics   2020-09-29 23:33:00 - 2020-09-29 23:34:00
Tag                                                  Avg(ms)         Min         Max     Std Dev       Count

Performance Statistics   2020-09-29 23:34:00 - 2020-09-29 23:35:00
Tag                                                  Avg(ms)         Min         Max     Std Dev       Count

Performance Statistics   2020-09-29 23:35:00 - 2020-09-29 23:36:00
Tag                                                  Avg(ms)         Min         Max     Std Dev       Count

Performance Statistics   2020-09-29 23:36:00 - 2020-09-29 23:37:00
Tag                                                  Avg(ms)         Min         Max     Std Dev       Count

Performance Statistics   2020-09-29 23:37:00 - 2020-09-29 23:38:00
Tag                                                  Avg(ms)         Min         Max     Std Dev       Count

Performance Statistics   2020-09-29 23:38:00 - 2020-09-29 23:39:00
Tag                                                  Avg(ms)         Min         Max     Std Dev       Count

Performance Statistics   2020-09-29 23:39:00 - 2020-09-29 23:40:00
Tag                                                  Avg(ms)         Min         Max     Std Dev       Count

Performance Statistics   2020-09-29 23:40:00 - 2020-09-29 23:41:00
Tag                                                  Avg(ms)         Min         Max     Std Dev       Count

Performance Statistics   2020-09-29 23:41:00 - 2020-09-29 23:42:00
Tag                                                  Avg(ms)         Min         Max     Std Dev       Count

Performance Statistics   2020-09-29 23:42:00 - 2020-09-29 23:43:00
Tag                                                  Avg(ms)         Min         Max     Std Dev       Count

Performance Statistics   2020-09-29 23:43:00 - 2020-09-29 23:44:00
Tag                                                  Avg(ms)         Min         Max     Std Dev       Count

Performance Statistics   2020-09-29 23:44:00 - 2020-09-29 23:45:00
Tag                                                  Avg(ms)         Min         Max     Std Dev       Count

Performance Statistics   2020-09-29 23:45:00 - 2020-09-29 23:46:00
Tag                                                  Avg(ms)         Min         Max     Std Dev       Count

Performance Statistics   2020-09-29 23:46:00 - 2020-09-29 23:47:00
Tag                                                  Avg(ms)         Min         Max     Std Dev       Count

Performance Statistics   2020-09-29 23:47:00 - 2020-09-29 23:48:00
Tag                                                  Avg(ms)         Min         Max     Std Dev       Count

Performance Statistics   2020-09-29 23:48:00 - 2020-09-29 23:49:00
Tag                                                  Avg(ms)         Min         Max     Std Dev       Count

Performance Statistics   2020-09-29 23:49:00 - 2020-09-29 23:50:00
Tag                                                  Avg(ms)         Min         Max     Std Dev       Count

Performance Statistics   2020-09-29 23:50:00 - 2020-09-29 23:51:00
Tag                                                  Avg(ms)         Min         Max     Std Dev       Count

Performance Statistics   2020-09-29 23:51:00 - 2020-09-29 23:52:00
Tag                                                  Avg(ms)         Min         Max     Std Dev       Count

Performance Statistics   2020-09-29 23:52:00 - 2020-09-29 23:53:00
Tag                                                  Avg(ms)         Min         Max     Std Dev       Count

Performance Statistics   2020-09-29 23:53:00 - 2020-09-29 23:54:00
Tag                                                  Avg(ms)         Min         Max     Std Dev       Count

Performance Statistics   2020-09-29 23:54:00 - 2020-09-29 23:55:00
Tag                                                  Avg(ms)         Min         Max     Std Dev       Count

Performance Statistics   2020-09-29 23:55:00 - 2020-09-29 23:56:00
Tag                                                  Avg(ms)         Min         Max     Std Dev       Count

Performance Statistics   2020-09-29 23:56:00 - 2020-09-29 23:57:00
Tag                                                  Avg(ms)         Min         Max     Std Dev       Count

Performance Statistics   2020-09-29 23:57:00 - 2020-09-29 23:58:00
Tag                                                  Avg(ms)         Min         Max     Std Dev       Count

Performance Statistics   2020-09-29 23:58:00 - 2020-09-29 23:59:00
Tag                                                  Avg(ms)         Min         Max     Std Dev       Count

